[1708971775.941][INFO]: Starting ChromeDriver 121.0.6167.184 (057a8ae7deb3374d0f1b04b36304d236f0136188-refs/branch-heads/6167@{#1818}) on port 13441
[1708971775.941][INFO]: Please see https://chromedriver.chromium.org/security-considerations for suggestions on keeping ChromeDriver safe.
[1708971776.913][INFO]: [9485671eeb33e9f1054e17bf906270df] COMMAND InitSession {
   "capabilities": {
      "firstMatch": [ {
         "browserName": "chrome",
         "goog:chromeOptions": {
            "args": [  ],
            "extensions": [  ]
         },
         "goog:loggingPrefs": {
            "browser": "ALL",
            "driver": "ALL"
         }
      } ]
   }
}
[1708971776.913][INFO]: Browser search. Trying... C:\Users\pavan\.cache\selenium\chromedriver\win64\121.0.6167.184\chrome.exe
[1708971776.913][INFO]: Browser search. Trying... C:\Users\pavan\.cache\selenium\chromedriver\win64\121.0.6167.184\chrome.exe
[1708971776.913][INFO]: Browser search. Trying... C:\Users\pavan\.cache\selenium\chromedriver\win64\121.0.6167.184\chromium.exe
[1708971776.923][INFO]: Browser search. Trying... C:\Users\pavan\AppData\Local\Google\Chrome\Application\chrome.exe
[1708971776.923][INFO]: Browser search. Trying... C:\Program Files\Google\Chrome\Application\chrome.exe
[1708971776.923][INFO]: Browser search. Found at  C:\Program Files\Google\Chrome\Application\chrome.exe
[1708971776.926][INFO]: Populating Preferences file: {
   "alternate_error_pages": {
      "enabled": false
   },
   "autofill": {
      "enabled": false
   },
   "browser": {
      "check_default_browser": false
   },
   "distribution": {
      "import_bookmarks": false,
      "import_history": false,
      "import_search_engine": false,
      "make_chrome_default_for_user": false,
      "skip_first_run_ui": true
   },
   "dns_prefetching": {
      "enabled": false
   },
   "profile": {
      "content_settings": {
         "pattern_pairs": {
            "https://*,*": {
               "media-stream": {
                  "audio": "Default",
                  "video": "Default"
               }
            }
         }
      },
      "default_content_setting_values": {
         "geolocation": 1
      },
      "default_content_settings": {
         "geolocation": 1,
         "mouselock": 1,
         "notifications": 1,
         "popups": 1,
         "ppapi-broker": 1
      },
      "password_manager_enabled": false
   },
   "safebrowsing": {
      "enabled": false
   },
   "search": {
      "suggest_enabled": false
   },
   "translate": {
      "enabled": false
   }
}
[1708971776.927][INFO]: Populating Local State file: {
   "background_mode": {
      "enabled": false
   },
   "ssl": {
      "rev_checking": {
         "enabled": false
      }
   }
}
[1708971776.929][INFO]: ChromeDriver supports communication with Chrome via pipes. This is more reliable and more secure.
[1708971776.929][INFO]: Use the --remote-debugging-pipe Chrome switch instead of the default --remote-debugging-port to enable this communication mode.
[1708971776.942][INFO]: Launching chrome: "C:\Program Files\Google\Chrome\Application\chrome.exe" --allow-pre-commit-input --disable-background-networking --disable-backgrounding-occluded-windows --disable-client-side-phishing-detection --disable-default-apps --disable-hang-monitor --disable-popup-blocking --disable-prompt-on-repost --disable-sync --enable-automation --enable-logging --log-level=0 --no-first-run --no-service-autorun --password-store=basic --remote-debugging-port=0 --test-type=webdriver --use-mock-keychain --user-data-dir="C:\Users\pavan\AppData\Local\Temp\scoped_dir14864_381526946" data:,
[1708971780.451][INFO]: resolved localhost to ["::1","127.0.0.1"]
[1708971780.818][INFO]: [9485671eeb33e9f1054e17bf906270df] RESPONSE InitSession {
   "capabilities": {
      "acceptInsecureCerts": false,
      "browserName": "chrome",
      "browserVersion": "121.0.6167.185",
      "chrome": {
         "chromedriverVersion": "121.0.6167.184 (057a8ae7deb3374d0f1b04b36304d236f0136188-refs/branch-heads/6167@{#1818})",
         "userDataDir": "C:\\Users\\pavan\\AppData\\Local\\Temp\\scoped_dir14864_381526946"
      },
      "fedcm:accounts": true,
      "goog:chromeOptions": {
         "debuggerAddress": "localhost:54020"
      },
      "networkConnectionEnabled": false,
      "pageLoadStrategy": "normal",
      "platformName": "windows",
      "proxy": {
      },
      "setWindowRect": true,
      "strictFileInteractability": false,
      "timeouts": {
         "implicit": 0,
         "pageLoad": 300000,
         "script": 30000
      },
      "unhandledPromptBehavior": "dismiss and notify",
      "webauthn:extension:credBlob": true,
      "webauthn:extension:largeBlob": true,
      "webauthn:extension:minPinLength": true,
      "webauthn:extension:prf": true,
      "webauthn:virtualAuthenticators": true
   },
   "sessionId": "9485671eeb33e9f1054e17bf906270df"
}
[1708971781.884][INFO]: [9485671eeb33e9f1054e17bf906270df] COMMAND MaximizeWindow {
}
[1708971781.887][INFO]: Waiting for pending navigations...
[1708971781.901][INFO]: Done waiting for pending navigations. Status: ok
[1708971782.272][INFO]: Waiting for pending navigations...
[1708971782.274][INFO]: Done waiting for pending navigations. Status: ok
[1708971782.275][INFO]: [9485671eeb33e9f1054e17bf906270df] RESPONSE MaximizeWindow {
   "height": 832,
   "width": 1552,
   "x": -8,
   "y": -8
}
[1708971782.324][INFO]: [9485671eeb33e9f1054e17bf906270df] COMMAND SetTimeouts {
   "implicit": 30000
}
[1708971782.325][INFO]: [9485671eeb33e9f1054e17bf906270df] RESPONSE SetTimeouts
[1708971782.341][INFO]: [9485671eeb33e9f1054e17bf906270df] COMMAND Navigate {
   "url": "https://www.makemytrip.com/"
}
[1708971782.341][INFO]: Waiting for pending navigations...
[1708971782.342][INFO]: Done waiting for pending navigations. Status: ok
[1708971783.877][INFO]: Waiting for pending navigations...
[1708971788.988][INFO]: Done waiting for pending navigations. Status: ok
[1708971788.989][INFO]: [9485671eeb33e9f1054e17bf906270df] RESPONSE Navigate
[1708971789.019][INFO]: [9485671eeb33e9f1054e17bf906270df] COMMAND GetUrl {
}
[1708971789.019][INFO]: Waiting for pending navigations...
[1708971789.456][INFO]: Done waiting for pending navigations. Status: ok
[1708971789.889][INFO]: Waiting for pending navigations...
[1708971790.015][INFO]: Done waiting for pending navigations. Status: ok
[1708971790.015][INFO]: [9485671eeb33e9f1054e17bf906270df] RESPONSE GetUrl "https://www.makemytrip.com/"
[1708971790.058][INFO]: [9485671eeb33e9f1054e17bf906270df] COMMAND Navigate {
   "url": "https://www.makemytrip.com/"
}
[1708971790.059][INFO]: Waiting for pending navigations...
[1708971790.062][INFO]: Done waiting for pending navigations. Status: ok
[1708971790.221][INFO]: Waiting for pending navigations...
[1708971791.810][INFO]: Done waiting for pending navigations. Status: ok
[1708971791.810][INFO]: [9485671eeb33e9f1054e17bf906270df] RESPONSE Navigate
[1708971794.844][INFO]: [9485671eeb33e9f1054e17bf906270df] COMMAND FindElement {
   "using": "css selector",
   "value": "#fromCity"
}
[1708971794.844][INFO]: Waiting for pending navigations...
[1708971794.845][INFO]: Done waiting for pending navigations. Status: ok
[1708971794.866][INFO]: Waiting for pending navigations...
[1708971794.867][INFO]: Done waiting for pending navigations. Status: ok
[1708971794.867][INFO]: [9485671eeb33e9f1054e17bf906270df] RESPONSE FindElement {
   "element-6066-11e4-a52e-4f735466cecf": "F86F9BEB2A29B064A55C5F263BC575F5_element_89"
}
[1708971794.890][INFO]: [9485671eeb33e9f1054e17bf906270df] COMMAND ClickElement {
   "id": "F86F9BEB2A29B064A55C5F263BC575F5_element_89"
}
[1708971794.891][INFO]: Waiting for pending navigations...
[1708971794.892][INFO]: Done waiting for pending navigations. Status: ok
[1708971795.090][INFO]: Waiting for pending navigations...
[1708971795.160][INFO]: Done waiting for pending navigations. Status: ok
[1708971795.160][INFO]: [9485671eeb33e9f1054e17bf906270df] RESPONSE ClickElement
[1708971798.189][INFO]: [9485671eeb33e9f1054e17bf906270df] COMMAND FindElement {
   "using": "xpath",
   "value": "//div[@class='autoSuggestPlugin hsw_autocomplePopup']/div/input"
}
[1708971798.189][INFO]: Waiting for pending navigations...
[1708971798.190][INFO]: Done waiting for pending navigations. Status: ok
[1708971798.212][INFO]: Waiting for pending navigations...
[1708971798.213][INFO]: Done waiting for pending navigations. Status: ok
[1708971798.213][INFO]: [9485671eeb33e9f1054e17bf906270df] RESPONSE FindElement {
   "element-6066-11e4-a52e-4f735466cecf": "F86F9BEB2A29B064A55C5F263BC575F5_element_99"
}
[1708971798.228][INFO]: [9485671eeb33e9f1054e17bf906270df] COMMAND TypeElement {
   "id": "F86F9BEB2A29B064A55C5F263BC575F5_element_99",
   "text": "blr",
   "value": [ "b", "l", "r" ]
}
[1708971798.228][INFO]: Waiting for pending navigations...
[1708971798.229][INFO]: Done waiting for pending navigations. Status: ok
[1708971798.332][INFO]: Waiting for pending navigations...
[1708971798.349][INFO]: Done waiting for pending navigations. Status: ok
[1708971798.349][INFO]: [9485671eeb33e9f1054e17bf906270df] RESPONSE TypeElement
[1708971798.360][INFO]: [9485671eeb33e9f1054e17bf906270df] COMMAND FindElements {
   "using": "xpath",
   "value": "//p[@class='font14 appendBottom5 blackText']"
}
[1708971798.360][INFO]: Waiting for pending navigations...
[1708971798.361][INFO]: Done waiting for pending navigations. Status: ok
[1708971798.392][INFO]: Waiting for pending navigations...
[1708971798.393][INFO]: Done waiting for pending navigations. Status: ok
[1708971798.393][INFO]: [9485671eeb33e9f1054e17bf906270df] RESPONSE FindElements [ {
   "element-6066-11e4-a52e-4f735466cecf": "F86F9BEB2A29B064A55C5F263BC575F5_element_107"
}, {
   "element-6066-11e4-a52e-4f735466cecf": "F86F9BEB2A29B064A55C5F263BC575F5_element_108"
}, {
   "element-6066-11e4-a52e-4f735466cecf": "F86F9BEB2A29B064A55C5F263BC575F5_element_109"
}, {
   "element-6066-11e4-a52e-4f735466cecf": "F86F9BEB2A29B064A55C5F263BC575F5_element_110"
}, {
   "element-6066-11e4-a52e-4f735466cecf": "F86F9BEB2A29B064A55C5F263BC575F5_element_111"
}, {
   "element-6066-11e4-a52e-4f735466cecf": "F86F9BEB2A29B064A55C5F263BC575F5_element_112"
}, {
   "element-6066-11e4-a52e-4f735466cecf": "F86F9BEB2A29B064A55C5F263BC575F5_element_113"
}, {
   "element-6066-11e4-a52e-4f735466cecf": "F86F9BEB2A29B064A55C5F263BC575F5_element_114"
}, {
   "element-6066-11e4-a52e-4f735466cecf": "F86F9BEB2A29B064A55C5F263BC575F5_element_115"
}, {
   "element-6066-11e4-a52e-4f735466cecf": "F86F9BEB2A29B064A55C5F263BC575F5_element_116"
} ]
[1708971798.409][INFO]: [9485671eeb33e9f1054e17bf906270df] COMMAND GetElementText {
   "id": "F86F9BEB2A29B064A55C5F263BC575F5_element_107"
}
[1708971798.409][INFO]: Waiting for pending navigations...
[1708971798.410][INFO]: Done waiting for pending navigations. Status: ok
[1708971798.431][INFO]: Waiting for pending navigations...
[1708971798.432][INFO]: Done waiting for pending navigations. Status: ok
[1708971798.432][INFO]: [9485671eeb33e9f1054e17bf906270df] RESPONSE GetElementText "Mumbai, India"
[1708971798.437][INFO]: [9485671eeb33e9f1054e17bf906270df] COMMAND GetElementText {
   "id": "F86F9BEB2A29B064A55C5F263BC575F5_element_108"
}
[1708971798.437][INFO]: Waiting for pending navigations...
[1708971798.438][INFO]: Done waiting for pending navigations. Status: ok
[1708971798.449][INFO]: Waiting for pending navigations...
[1708971798.449][INFO]: Done waiting for pending navigations. Status: ok
[1708971798.449][INFO]: [9485671eeb33e9f1054e17bf906270df] RESPONSE GetElementText "New Delhi, India"
[1708971798.455][INFO]: [9485671eeb33e9f1054e17bf906270df] COMMAND GetElementText {
   "id": "F86F9BEB2A29B064A55C5F263BC575F5_element_109"
}
[1708971798.455][INFO]: Waiting for pending navigations...
[1708971798.456][INFO]: Done waiting for pending navigations. Status: ok
[1708971798.466][INFO]: Waiting for pending navigations...
[1708971798.467][INFO]: Done waiting for pending navigations. Status: ok
[1708971798.467][INFO]: [9485671eeb33e9f1054e17bf906270df] RESPONSE GetElementText "Bangkok, Thailand"
[1708971798.473][INFO]: [9485671eeb33e9f1054e17bf906270df] COMMAND GetElementText {
   "id": "F86F9BEB2A29B064A55C5F263BC575F5_element_110"
}
[1708971798.473][INFO]: Waiting for pending navigations...
[1708971798.474][INFO]: Done waiting for pending navigations. Status: ok
[1708971798.485][INFO]: Waiting for pending navigations...
[1708971798.486][INFO]: Done waiting for pending navigations. Status: ok
[1708971798.486][INFO]: [9485671eeb33e9f1054e17bf906270df] RESPONSE GetElementText "Bengaluru, India"
[1708971798.493][INFO]: [9485671eeb33e9f1054e17bf906270df] COMMAND ClickElement {
   "id": "F86F9BEB2A29B064A55C5F263BC575F5_element_110"
}
[1708971798.493][INFO]: Waiting for pending navigations...
[1708971798.494][INFO]: Done waiting for pending navigations. Status: ok
[1708971798.721][INFO]: Waiting for pending navigations...
[1708971798.763][INFO]: Done waiting for pending navigations. Status: ok
[1708971798.763][INFO]: [9485671eeb33e9f1054e17bf906270df] RESPONSE ClickElement
[1708971798.780][INFO]: [9485671eeb33e9f1054e17bf906270df] COMMAND FindElement {
   "using": "css selector",
   "value": "#toCity"
}
[1708971798.781][INFO]: Waiting for pending navigations...
[1708971798.784][INFO]: Done waiting for pending navigations. Status: ok
[1708971798.806][INFO]: Waiting for pending navigations...
[1708971798.809][INFO]: Done waiting for pending navigations. Status: ok
[1708971798.809][INFO]: [9485671eeb33e9f1054e17bf906270df] RESPONSE FindElement {
   "element-6066-11e4-a52e-4f735466cecf": "F86F9BEB2A29B064A55C5F263BC575F5_element_90"
}
[1708971798.832][INFO]: [9485671eeb33e9f1054e17bf906270df] COMMAND ClickElement {
   "id": "F86F9BEB2A29B064A55C5F263BC575F5_element_90"
}
[1708971798.833][INFO]: Waiting for pending navigations...
[1708971798.834][INFO]: Done waiting for pending navigations. Status: ok
[1708971798.980][INFO]: Waiting for pending navigations...
[1708971799.007][INFO]: Done waiting for pending navigations. Status: ok
[1708971799.007][INFO]: [9485671eeb33e9f1054e17bf906270df] RESPONSE ClickElement
[1708971802.030][INFO]: [9485671eeb33e9f1054e17bf906270df] COMMAND FindElement {
   "using": "xpath",
   "value": "//div[@class='autoSuggestPlugin hsw_autocomplePopup makeFlex column spaceBetween']/div/input"
}
[1708971802.030][INFO]: Waiting for pending navigations...
[1708971802.031][INFO]: Done waiting for pending navigations. Status: ok
[1708971802.052][INFO]: Waiting for pending navigations...
[1708971802.053][INFO]: Done waiting for pending navigations. Status: ok
[1708971802.053][INFO]: [9485671eeb33e9f1054e17bf906270df] RESPONSE FindElement {
   "element-6066-11e4-a52e-4f735466cecf": "F86F9BEB2A29B064A55C5F263BC575F5_element_119"
}
[1708971802.062][INFO]: [9485671eeb33e9f1054e17bf906270df] COMMAND TypeElement {
   "id": "F86F9BEB2A29B064A55C5F263BC575F5_element_119",
   "text": "del",
   "value": [ "d", "e", "l" ]
}
[1708971802.062][INFO]: Waiting for pending navigations...
[1708971802.063][INFO]: Done waiting for pending navigations. Status: ok
[1708971802.119][INFO]: Waiting for pending navigations...
[1708971802.124][INFO]: Done waiting for pending navigations. Status: ok
[1708971802.124][INFO]: [9485671eeb33e9f1054e17bf906270df] RESPONSE TypeElement
[1708971802.134][INFO]: [9485671eeb33e9f1054e17bf906270df] COMMAND FindElements {
   "using": "xpath",
   "value": "//p[@class='font14 appendBottom5 blackText']"
}
[1708971802.134][INFO]: Waiting for pending navigations...
[1708971802.135][INFO]: Done waiting for pending navigations. Status: ok
[1708971802.147][INFO]: Waiting for pending navigations...
[1708971802.148][INFO]: Done waiting for pending navigations. Status: ok
[1708971802.148][INFO]: [9485671eeb33e9f1054e17bf906270df] RESPONSE FindElements [ {
   "element-6066-11e4-a52e-4f735466cecf": "F86F9BEB2A29B064A55C5F263BC575F5_element_130"
}, {
   "element-6066-11e4-a52e-4f735466cecf": "F86F9BEB2A29B064A55C5F263BC575F5_element_131"
}, {
   "element-6066-11e4-a52e-4f735466cecf": "F86F9BEB2A29B064A55C5F263BC575F5_element_132"
}, {
   "element-6066-11e4-a52e-4f735466cecf": "F86F9BEB2A29B064A55C5F263BC575F5_element_133"
}, {
   "element-6066-11e4-a52e-4f735466cecf": "F86F9BEB2A29B064A55C5F263BC575F5_element_134"
}, {
   "element-6066-11e4-a52e-4f735466cecf": "F86F9BEB2A29B064A55C5F263BC575F5_element_135"
}, {
   "element-6066-11e4-a52e-4f735466cecf": "F86F9BEB2A29B064A55C5F263BC575F5_element_136"
}, {
   "element-6066-11e4-a52e-4f735466cecf": "F86F9BEB2A29B064A55C5F263BC575F5_element_137"
}, {
   "element-6066-11e4-a52e-4f735466cecf": "F86F9BEB2A29B064A55C5F263BC575F5_element_138"
}, {
   "element-6066-11e4-a52e-4f735466cecf": "F86F9BEB2A29B064A55C5F263BC575F5_element_139"
} ]
[1708971802.154][INFO]: [9485671eeb33e9f1054e17bf906270df] COMMAND GetElementText {
   "id": "F86F9BEB2A29B064A55C5F263BC575F5_element_130"
}
[1708971802.154][INFO]: Waiting for pending navigations...
[1708971802.155][INFO]: Done waiting for pending navigations. Status: ok
[1708971802.164][INFO]: Waiting for pending navigations...
[1708971802.165][INFO]: Done waiting for pending navigations. Status: ok
[1708971802.165][INFO]: [9485671eeb33e9f1054e17bf906270df] RESPONSE GetElementText "Mumbai, India"
[1708971802.169][INFO]: [9485671eeb33e9f1054e17bf906270df] COMMAND GetElementText {
   "id": "F86F9BEB2A29B064A55C5F263BC575F5_element_131"
}
[1708971802.169][INFO]: Waiting for pending navigations...
[1708971802.170][INFO]: Done waiting for pending navigations. Status: ok
[1708971802.179][INFO]: Waiting for pending navigations...
[1708971802.180][INFO]: Done waiting for pending navigations. Status: ok
[1708971802.180][INFO]: [9485671eeb33e9f1054e17bf906270df] RESPONSE GetElementText "New Delhi, India"
[1708971802.185][INFO]: [9485671eeb33e9f1054e17bf906270df] COMMAND ClickElement {
   "id": "F86F9BEB2A29B064A55C5F263BC575F5_element_131"
}
[1708971802.185][INFO]: Waiting for pending navigations...
[1708971802.185][INFO]: Done waiting for pending navigations. Status: ok
[1708971802.344][INFO]: Waiting for pending navigations...
[1708971802.357][INFO]: Done waiting for pending navigations. Status: ok
[1708971802.357][INFO]: [9485671eeb33e9f1054e17bf906270df] RESPONSE ClickElement
[1708971802.369][INFO]: [9485671eeb33e9f1054e17bf906270df] COMMAND FindElement {
   "using": "xpath",
   "value": "//span[contains(text(),'Departure')]"
}
[1708971802.369][INFO]: Waiting for pending navigations...
[1708971802.370][INFO]: Done waiting for pending navigations. Status: ok
[1708971802.387][INFO]: Waiting for pending navigations...
[1708971802.389][INFO]: Done waiting for pending navigations. Status: ok
[1708971802.389][INFO]: [9485671eeb33e9f1054e17bf906270df] RESPONSE FindElement {
   "element-6066-11e4-a52e-4f735466cecf": "F86F9BEB2A29B064A55C5F263BC575F5_element_142"
}
[1708971802.394][INFO]: [9485671eeb33e9f1054e17bf906270df] COMMAND ClickElement {
   "id": "F86F9BEB2A29B064A55C5F263BC575F5_element_142"
}
[1708971802.394][INFO]: Waiting for pending navigations...
[1708971802.395][INFO]: Done waiting for pending navigations. Status: ok
[1708971802.596][INFO]: Waiting for pending navigations...
[1708971802.600][INFO]: Done waiting for pending navigations. Status: ok
[1708971802.601][INFO]: [9485671eeb33e9f1054e17bf906270df] RESPONSE ClickElement
[1708971805.612][INFO]: [9485671eeb33e9f1054e17bf906270df] COMMAND FindElement {
   "using": "xpath",
   "value": "//div[@class='DayPicker-Months']/div[2]//p[contains(text(),'29')]"
}
[1708971805.612][INFO]: Waiting for pending navigations...
[1708971805.613][INFO]: Done waiting for pending navigations. Status: ok
[1708971805.638][INFO]: Waiting for pending navigations...
[1708971805.642][INFO]: Done waiting for pending navigations. Status: ok
[1708971805.642][INFO]: [9485671eeb33e9f1054e17bf906270df] RESPONSE FindElement {
   "element-6066-11e4-a52e-4f735466cecf": "F86F9BEB2A29B064A55C5F263BC575F5_element_174"
}
[1708971805.653][INFO]: [9485671eeb33e9f1054e17bf906270df] COMMAND ClickElement {
   "id": "F86F9BEB2A29B064A55C5F263BC575F5_element_174"
}
[1708971805.653][INFO]: Waiting for pending navigations...
[1708971805.664][INFO]: Done waiting for pending navigations. Status: ok
[1708971805.819][INFO]: Waiting for pending navigations...
[1708971805.886][INFO]: Done waiting for pending navigations. Status: ok
[1708971805.886][INFO]: [9485671eeb33e9f1054e17bf906270df] RESPONSE ClickElement
[1708971805.908][INFO]: [9485671eeb33e9f1054e17bf906270df] COMMAND FindElement {
   "using": "xpath",
   "value": "//a[contains(text(),'Search')]"
}
[1708971805.908][INFO]: Waiting for pending navigations...
[1708971805.912][INFO]: Done waiting for pending navigations. Status: ok
[1708971805.965][INFO]: Waiting for pending navigations...
[1708971805.972][INFO]: Done waiting for pending navigations. Status: ok
[1708971805.972][INFO]: [9485671eeb33e9f1054e17bf906270df] RESPONSE FindElement {
   "element-6066-11e4-a52e-4f735466cecf": "F86F9BEB2A29B064A55C5F263BC575F5_element_178"
}
[1708971806.017][INFO]: [9485671eeb33e9f1054e17bf906270df] COMMAND ClickElement {
   "id": "F86F9BEB2A29B064A55C5F263BC575F5_element_178"
}
[1708971806.018][INFO]: Waiting for pending navigations...
[1708971806.020][INFO]: Done waiting for pending navigations. Status: ok
[1708971806.330][INFO]: Waiting for pending navigations...
[1708971807.336][INFO]: Done waiting for pending navigations. Status: ok
[1708971807.336][INFO]: [9485671eeb33e9f1054e17bf906270df] RESPONSE ClickElement
[1708971817.505][INFO]: [9485671eeb33e9f1054e17bf906270df] COMMAND FindElements {
   "using": "xpath",
   "value": "//div[@class='textRight flexOne']"
}
[1708971817.506][INFO]: Waiting for pending navigations...
[1708971825.259][INFO]: Done waiting for pending navigations. Status: ok
[1708971825.284][INFO]: Waiting for pending navigations...
[1708971825.284][INFO]: Done waiting for pending navigations. Status: ok
[1708971825.284][INFO]: [9485671eeb33e9f1054e17bf906270df] RESPONSE FindElements [ {
   "element-6066-11e4-a52e-4f735466cecf": "38D09DC7FEAE1FE29199BE482D110C96_element_380"
}, {
   "element-6066-11e4-a52e-4f735466cecf": "38D09DC7FEAE1FE29199BE482D110C96_element_381"
}, {
   "element-6066-11e4-a52e-4f735466cecf": "38D09DC7FEAE1FE29199BE482D110C96_element_382"
}, {
   "element-6066-11e4-a52e-4f735466cecf": "38D09DC7FEAE1FE29199BE482D110C96_element_383"
}, {
   "element-6066-11e4-a52e-4f735466cecf": "38D09DC7FEAE1FE29199BE482D110C96_element_384"
}, {
   "element-6066-11e4-a52e-4f735466cecf": "38D09DC7FEAE1FE29199BE482D110C96_element_385"
}, {
   "element-6066-11e4-a52e-4f735466cecf": "38D09DC7FEAE1FE29199BE482D110C96_element_386"
}, {
   "element-6066-11e4-a52e-4f735466cecf": "38D09DC7FEAE1FE29199BE482D110C96_element_387"
}, {
   "element-6066-11e4-a52e-4f735466cecf": "38D09DC7FEAE1FE29199BE482D110C96_element_388"
}, {
   "element-6066-11e4-a52e-4f735466cecf": "38D09DC7FEAE1FE29199BE482D110C96_element_389"
}, {
   "element-6066-11e4-a52e-4f735466cecf": "38D09DC7FEAE1FE29199BE482D110C96_element_390"
}, {
   "element-6066-11e4-a52e-4f735466cecf": "38D09DC7FEAE1FE29199BE482D110C96_element_391"
}, {
   "element-6066-11e4-a52e-4f735466cecf": "38D09DC7FEAE1FE29199BE482D110C96_element_392"
}, {
   "element-6066-11e4-a52e-4f735466cecf": "38D09DC7FEAE1FE29199BE482D110C96_element_393"
}, {
   "element-6066-11e4-a52e-4f735466cecf": "38D09DC7FEAE1FE29199BE482D110C96_element_394"
}, {
   "element-6066-11e4-a52e-4f735466cecf": "38D09DC7FEAE1FE29199BE482D110C96_element_395"
}, {
   "element-6066-11e4-a52e-4f735466cecf": "38D09DC7FEAE1FE29199BE482D110C96_element_396"
}, {
   "element-6066-11e4-a52e-4f735466cecf": "38D09DC7FEAE1FE29199BE482D110C96_element_397"
}, {
   "element-6066-11e4-a52e-4f735466cecf": "38D09DC7FEAE1FE29199BE482D110C96_element_398"
}, "..." ]
[1708971825.310][INFO]: [9485671eeb33e9f1054e17bf906270df] COMMAND GetElementText {
   "id": "38D09DC7FEAE1FE29199BE482D110C96_element_380"
}
[1708971825.310][INFO]: Waiting for pending navigations...
[1708971825.312][INFO]: Done waiting for pending navigations. Status: ok
[1708971825.325][INFO]: Waiting for pending navigations...
[1708971825.325][INFO]: Done waiting for pending navigations. Status: ok
[1708971825.325][INFO]: [9485671eeb33e9f1054e17bf906270df] RESPONSE GetElementText "₹ 7,674\nper adult"
[1708971825.346][INFO]: [9485671eeb33e9f1054e17bf906270df] COMMAND GetElementText {
   "id": "38D09DC7FEAE1FE29199BE482D110C96_element_381"
}
[1708971825.346][INFO]: Waiting for pending navigations...
[1708971825.348][INFO]: Done waiting for pending navigations. Status: ok
[1708971825.360][INFO]: Waiting for pending navigations...
[1708971825.360][INFO]: Done waiting for pending navigations. Status: ok
[1708971825.361][INFO]: [9485671eeb33e9f1054e17bf906270df] RESPONSE GetElementText "₹ 8,032\nper adult"
[1708971825.366][INFO]: [9485671eeb33e9f1054e17bf906270df] COMMAND GetElementText {
   "id": "38D09DC7FEAE1FE29199BE482D110C96_element_382"
}
[1708971825.366][INFO]: Waiting for pending navigations...
[1708971825.367][INFO]: Done waiting for pending navigations. Status: ok
[1708971825.381][INFO]: Waiting for pending navigations...
[1708971825.382][INFO]: Done waiting for pending navigations. Status: ok
[1708971825.382][INFO]: [9485671eeb33e9f1054e17bf906270df] RESPONSE GetElementText "₹ 8,101\nper adult"
[1708971825.389][INFO]: [9485671eeb33e9f1054e17bf906270df] COMMAND GetElementText {
   "id": "38D09DC7FEAE1FE29199BE482D110C96_element_383"
}
[1708971825.389][INFO]: Waiting for pending navigations...
[1708971825.390][INFO]: Done waiting for pending navigations. Status: ok
[1708971825.401][INFO]: Waiting for pending navigations...
[1708971825.403][INFO]: Done waiting for pending navigations. Status: ok
[1708971825.403][INFO]: [9485671eeb33e9f1054e17bf906270df] RESPONSE GetElementText "₹ 8,284\nper adult"
[1708971825.410][INFO]: [9485671eeb33e9f1054e17bf906270df] COMMAND GetElementText {
   "id": "38D09DC7FEAE1FE29199BE482D110C96_element_384"
}
[1708971825.410][INFO]: Waiting for pending navigations...
[1708971825.411][INFO]: Done waiting for pending navigations. Status: ok
[1708971825.423][INFO]: Waiting for pending navigations...
[1708971825.424][INFO]: Done waiting for pending navigations. Status: ok
[1708971825.424][INFO]: [9485671eeb33e9f1054e17bf906270df] RESPONSE GetElementText "₹ 8,285\nper adult"
[1708971825.432][INFO]: [9485671eeb33e9f1054e17bf906270df] COMMAND GetElementText {
   "id": "38D09DC7FEAE1FE29199BE482D110C96_element_385"
}
[1708971825.433][INFO]: Waiting for pending navigations...
[1708971825.433][INFO]: Done waiting for pending navigations. Status: ok
[1708971825.449][INFO]: Waiting for pending navigations...
[1708971825.450][INFO]: Done waiting for pending navigations. Status: ok
[1708971825.450][INFO]: [9485671eeb33e9f1054e17bf906270df] RESPONSE GetElementText "₹ 8,285\nper adult"
[1708971825.461][INFO]: [9485671eeb33e9f1054e17bf906270df] COMMAND GetElementText {
   "id": "38D09DC7FEAE1FE29199BE482D110C96_element_386"
}
[1708971825.461][INFO]: Waiting for pending navigations...
[1708971825.462][INFO]: Done waiting for pending navigations. Status: ok
[1708971825.481][INFO]: Waiting for pending navigations...
[1708971825.482][INFO]: Done waiting for pending navigations. Status: ok
[1708971825.482][INFO]: [9485671eeb33e9f1054e17bf906270df] RESPONSE GetElementText "₹ 8,285\nper adult"
[1708971825.491][INFO]: [9485671eeb33e9f1054e17bf906270df] COMMAND GetElementText {
   "id": "38D09DC7FEAE1FE29199BE482D110C96_element_387"
}
[1708971825.491][INFO]: Waiting for pending navigations...
[1708971825.492][INFO]: Done waiting for pending navigations. Status: ok
[1708971825.501][INFO]: Waiting for pending navigations...
[1708971825.502][INFO]: Done waiting for pending navigations. Status: ok
[1708971825.502][INFO]: [9485671eeb33e9f1054e17bf906270df] RESPONSE GetElementText "₹ 8,285\nper adult"
[1708971825.507][INFO]: [9485671eeb33e9f1054e17bf906270df] COMMAND GetElementText {
   "id": "38D09DC7FEAE1FE29199BE482D110C96_element_388"
}
[1708971825.507][INFO]: Waiting for pending navigations...
[1708971825.508][INFO]: Done waiting for pending navigations. Status: ok
[1708971825.518][INFO]: Waiting for pending navigations...
[1708971825.521][INFO]: Done waiting for pending navigations. Status: ok
[1708971825.521][INFO]: [9485671eeb33e9f1054e17bf906270df] RESPONSE GetElementText "₹ 8,306\nper adult"
[1708971825.530][INFO]: [9485671eeb33e9f1054e17bf906270df] COMMAND GetElementText {
   "id": "38D09DC7FEAE1FE29199BE482D110C96_element_389"
}
[1708971825.530][INFO]: Waiting for pending navigations...
[1708971825.531][INFO]: Done waiting for pending navigations. Status: ok
[1708971825.543][INFO]: Waiting for pending navigations...
[1708971825.543][INFO]: Done waiting for pending navigations. Status: ok
[1708971825.543][INFO]: [9485671eeb33e9f1054e17bf906270df] RESPONSE GetElementText "₹ 8,306\nper adult"
[1708971825.548][INFO]: [9485671eeb33e9f1054e17bf906270df] COMMAND GetElementText {
   "id": "38D09DC7FEAE1FE29199BE482D110C96_element_390"
}
[1708971825.548][INFO]: Waiting for pending navigations...
[1708971825.549][INFO]: Done waiting for pending navigations. Status: ok
[1708971825.560][INFO]: Waiting for pending navigations...
[1708971825.561][INFO]: Done waiting for pending navigations. Status: ok
[1708971825.561][INFO]: [9485671eeb33e9f1054e17bf906270df] RESPONSE GetElementText "₹ 8,411\nper adult"
[1708971825.566][INFO]: [9485671eeb33e9f1054e17bf906270df] COMMAND GetElementText {
   "id": "38D09DC7FEAE1FE29199BE482D110C96_element_391"
}
[1708971825.566][INFO]: Waiting for pending navigations...
[1708971825.567][INFO]: Done waiting for pending navigations. Status: ok
[1708971825.577][INFO]: Waiting for pending navigations...
[1708971825.578][INFO]: Done waiting for pending navigations. Status: ok
[1708971825.578][INFO]: [9485671eeb33e9f1054e17bf906270df] RESPONSE GetElementText "₹ 8,411\nper adult"
[1708971825.584][INFO]: [9485671eeb33e9f1054e17bf906270df] COMMAND GetElementText {
   "id": "38D09DC7FEAE1FE29199BE482D110C96_element_392"
}
[1708971825.584][INFO]: Waiting for pending navigations...
[1708971825.585][INFO]: Done waiting for pending navigations. Status: ok
[1708971825.595][INFO]: Waiting for pending navigations...
[1708971825.596][INFO]: Done waiting for pending navigations. Status: ok
[1708971825.596][INFO]: [9485671eeb33e9f1054e17bf906270df] RESPONSE GetElementText "₹ 8,440\nper adult"
[1708971825.600][INFO]: [9485671eeb33e9f1054e17bf906270df] COMMAND GetElementText {
   "id": "38D09DC7FEAE1FE29199BE482D110C96_element_393"
}
[1708971825.600][INFO]: Waiting for pending navigations...
[1708971825.601][INFO]: Done waiting for pending navigations. Status: ok
[1708971825.613][INFO]: Waiting for pending navigations...
[1708971825.614][INFO]: Done waiting for pending navigations. Status: ok
[1708971825.614][INFO]: [9485671eeb33e9f1054e17bf906270df] RESPONSE GetElementText "₹ 8,558\nper adult"
[1708971825.621][INFO]: [9485671eeb33e9f1054e17bf906270df] COMMAND GetElementText {
   "id": "38D09DC7FEAE1FE29199BE482D110C96_element_394"
}
[1708971825.621][INFO]: Waiting for pending navigations...
[1708971825.622][INFO]: Done waiting for pending navigations. Status: ok
[1708971825.639][INFO]: Waiting for pending navigations...
[1708971825.640][INFO]: Done waiting for pending navigations. Status: ok
[1708971825.640][INFO]: [9485671eeb33e9f1054e17bf906270df] RESPONSE GetElementText "₹ 8,731\nper adult"
[1708971825.667][INFO]: [9485671eeb33e9f1054e17bf906270df] COMMAND GetElementText {
   "id": "38D09DC7FEAE1FE29199BE482D110C96_element_395"
}
[1708971825.667][INFO]: Waiting for pending navigations...
[1708971825.668][INFO]: Done waiting for pending navigations. Status: ok
[1708971825.692][INFO]: Waiting for pending navigations...
[1708971825.693][INFO]: Done waiting for pending navigations. Status: ok
[1708971825.693][INFO]: [9485671eeb33e9f1054e17bf906270df] RESPONSE GetElementText "₹ 8,785\nper adult"
[1708971825.697][INFO]: [9485671eeb33e9f1054e17bf906270df] COMMAND GetElementText {
   "id": "38D09DC7FEAE1FE29199BE482D110C96_element_396"
}
[1708971825.698][INFO]: Waiting for pending navigations...
[1708971825.698][INFO]: Done waiting for pending navigations. Status: ok
[1708971825.712][INFO]: Waiting for pending navigations...
[1708971825.713][INFO]: Done waiting for pending navigations. Status: ok
[1708971825.713][INFO]: [9485671eeb33e9f1054e17bf906270df] RESPONSE GetElementText "₹ 8,785\nper adult"
[1708971825.718][INFO]: [9485671eeb33e9f1054e17bf906270df] COMMAND GetElementText {
   "id": "38D09DC7FEAE1FE29199BE482D110C96_element_397"
}
[1708971825.718][INFO]: Waiting for pending navigations...
[1708971825.721][INFO]: Done waiting for pending navigations. Status: ok
[1708971825.732][INFO]: Waiting for pending navigations...
[1708971825.733][INFO]: Done waiting for pending navigations. Status: ok
[1708971825.733][INFO]: [9485671eeb33e9f1054e17bf906270df] RESPONSE GetElementText "₹ 8,785\nper adult"
[1708971825.741][INFO]: [9485671eeb33e9f1054e17bf906270df] COMMAND GetElementText {
   "id": "38D09DC7FEAE1FE29199BE482D110C96_element_398"
}
[1708971825.741][INFO]: Waiting for pending navigations...
[1708971825.742][INFO]: Done waiting for pending navigations. Status: ok
[1708971825.755][INFO]: Waiting for pending navigations...
[1708971825.756][INFO]: Done waiting for pending navigations. Status: ok
[1708971825.756][INFO]: [9485671eeb33e9f1054e17bf906270df] RESPONSE GetElementText "₹ 8,785\nper adult"
[1708971825.763][INFO]: [9485671eeb33e9f1054e17bf906270df] COMMAND GetElementText {
   "id": "38D09DC7FEAE1FE29199BE482D110C96_element_399"
}
[1708971825.763][INFO]: Waiting for pending navigations...
[1708971825.765][INFO]: Done waiting for pending navigations. Status: ok
[1708971825.786][INFO]: Waiting for pending navigations...
[1708971825.787][INFO]: Done waiting for pending navigations. Status: ok
[1708971825.787][INFO]: [9485671eeb33e9f1054e17bf906270df] RESPONSE GetElementText "₹ 8,802\nper adult"
[1708971825.797][INFO]: [9485671eeb33e9f1054e17bf906270df] COMMAND GetElementText {
   "id": "38D09DC7FEAE1FE29199BE482D110C96_element_400"
}
[1708971825.797][INFO]: Waiting for pending navigations...
[1708971825.798][INFO]: Done waiting for pending navigations. Status: ok
[1708971825.810][INFO]: Waiting for pending navigations...
[1708971825.811][INFO]: Done waiting for pending navigations. Status: ok
[1708971825.811][INFO]: [9485671eeb33e9f1054e17bf906270df] RESPONSE GetElementText "₹ 8,850\nper adult"
[1708971825.816][INFO]: [9485671eeb33e9f1054e17bf906270df] COMMAND GetElementText {
   "id": "38D09DC7FEAE1FE29199BE482D110C96_element_401"
}
[1708971825.816][INFO]: Waiting for pending navigations...
[1708971825.817][INFO]: Done waiting for pending navigations. Status: ok
[1708971825.839][INFO]: Waiting for pending navigations...
[1708971825.842][INFO]: Done waiting for pending navigations. Status: ok
[1708971825.842][INFO]: [9485671eeb33e9f1054e17bf906270df] RESPONSE GetElementText "₹ 8,852\nper adult"
[1708971825.849][INFO]: [9485671eeb33e9f1054e17bf906270df] COMMAND GetElementText {
   "id": "38D09DC7FEAE1FE29199BE482D110C96_element_402"
}
[1708971825.849][INFO]: Waiting for pending navigations...
[1708971825.850][INFO]: Done waiting for pending navigations. Status: ok
[1708971825.862][INFO]: Waiting for pending navigations...
[1708971825.863][INFO]: Done waiting for pending navigations. Status: ok
[1708971825.863][INFO]: [9485671eeb33e9f1054e17bf906270df] RESPONSE GetElementText "₹ 8,852\nper adult"
[1708971825.870][INFO]: [9485671eeb33e9f1054e17bf906270df] COMMAND GetElementText {
   "id": "38D09DC7FEAE1FE29199BE482D110C96_element_403"
}
[1708971825.870][INFO]: Waiting for pending navigations...
[1708971825.871][INFO]: Done waiting for pending navigations. Status: ok
[1708971825.881][INFO]: Waiting for pending navigations...
[1708971825.881][INFO]: Done waiting for pending navigations. Status: ok
[1708971825.881][INFO]: [9485671eeb33e9f1054e17bf906270df] RESPONSE GetElementText "₹ 8,852\nper adult"
[1708971825.885][INFO]: [9485671eeb33e9f1054e17bf906270df] COMMAND GetElementText {
   "id": "38D09DC7FEAE1FE29199BE482D110C96_element_404"
}
[1708971825.886][INFO]: Waiting for pending navigations...
[1708971825.887][INFO]: Done waiting for pending navigations. Status: ok
[1708971825.897][INFO]: Waiting for pending navigations...
[1708971825.898][INFO]: Done waiting for pending navigations. Status: ok
[1708971825.898][INFO]: [9485671eeb33e9f1054e17bf906270df] RESPONSE GetElementText "₹ 8,852\nper adult"
[1708971825.904][INFO]: [9485671eeb33e9f1054e17bf906270df] COMMAND GetElementText {
   "id": "38D09DC7FEAE1FE29199BE482D110C96_element_405"
}
[1708971825.904][INFO]: Waiting for pending navigations...
[1708971825.905][INFO]: Done waiting for pending navigations. Status: ok
[1708971825.932][INFO]: Waiting for pending navigations...
[1708971825.932][INFO]: Done waiting for pending navigations. Status: ok
[1708971825.932][INFO]: [9485671eeb33e9f1054e17bf906270df] RESPONSE GetElementText "₹ 8,852\nper adult"
[1708971825.942][INFO]: [9485671eeb33e9f1054e17bf906270df] COMMAND GetElementText {
   "id": "38D09DC7FEAE1FE29199BE482D110C96_element_406"
}
[1708971825.942][INFO]: Waiting for pending navigations...
[1708971825.943][INFO]: Done waiting for pending navigations. Status: ok
[1708971825.960][INFO]: Waiting for pending navigations...
[1708971825.961][INFO]: Done waiting for pending navigations. Status: ok
[1708971825.961][INFO]: [9485671eeb33e9f1054e17bf906270df] RESPONSE GetElementText "₹ 8,852\nper adult"
[1708971825.965][INFO]: [9485671eeb33e9f1054e17bf906270df] COMMAND GetElementText {
   "id": "38D09DC7FEAE1FE29199BE482D110C96_element_407"
}
[1708971825.965][INFO]: Waiting for pending navigations...
[1708971825.966][INFO]: Done waiting for pending navigations. Status: ok
[1708971825.981][INFO]: Waiting for pending navigations...
[1708971825.982][INFO]: Done waiting for pending navigations. Status: ok
[1708971825.982][INFO]: [9485671eeb33e9f1054e17bf906270df] RESPONSE GetElementText "₹ 8,852\nper adult"
[1708971825.998][INFO]: [9485671eeb33e9f1054e17bf906270df] COMMAND GetElementText {
   "id": "38D09DC7FEAE1FE29199BE482D110C96_element_408"
}
[1708971825.998][INFO]: Waiting for pending navigations...
[1708971825.998][INFO]: Done waiting for pending navigations. Status: ok
[1708971826.010][INFO]: Waiting for pending navigations...
[1708971826.010][INFO]: Done waiting for pending navigations. Status: ok
[1708971826.010][INFO]: [9485671eeb33e9f1054e17bf906270df] RESPONSE GetElementText "₹ 8,852\nper adult"
[1708971826.017][INFO]: [9485671eeb33e9f1054e17bf906270df] COMMAND GetElementText {
   "id": "38D09DC7FEAE1FE29199BE482D110C96_element_409"
}
[1708971826.017][INFO]: Waiting for pending navigations...
[1708971826.020][INFO]: Done waiting for pending navigations. Status: ok
[1708971826.034][INFO]: Waiting for pending navigations...
[1708971826.035][INFO]: Done waiting for pending navigations. Status: ok
[1708971826.035][INFO]: [9485671eeb33e9f1054e17bf906270df] RESPONSE GetElementText "₹ 8,883\nper adult"
[1708971826.044][INFO]: [9485671eeb33e9f1054e17bf906270df] COMMAND GetElementText {
   "id": "38D09DC7FEAE1FE29199BE482D110C96_element_410"
}
[1708971826.044][INFO]: Waiting for pending navigations...
[1708971826.046][INFO]: Done waiting for pending navigations. Status: ok
[1708971826.065][INFO]: Waiting for pending navigations...
[1708971826.066][INFO]: Done waiting for pending navigations. Status: ok
[1708971826.066][INFO]: [9485671eeb33e9f1054e17bf906270df] RESPONSE GetElementText "₹ 9,293\nper adult"
[1708971826.078][INFO]: [9485671eeb33e9f1054e17bf906270df] COMMAND GetElementText {
   "id": "38D09DC7FEAE1FE29199BE482D110C96_element_411"
}
[1708971826.078][INFO]: Waiting for pending navigations...
[1708971826.079][INFO]: Done waiting for pending navigations. Status: ok
[1708971826.091][INFO]: Waiting for pending navigations...
[1708971826.091][INFO]: Done waiting for pending navigations. Status: ok
[1708971826.091][INFO]: [9485671eeb33e9f1054e17bf906270df] RESPONSE GetElementText "₹ 9,293\nper adult"
[1708971826.096][INFO]: [9485671eeb33e9f1054e17bf906270df] COMMAND GetElementText {
   "id": "38D09DC7FEAE1FE29199BE482D110C96_element_412"
}
[1708971826.096][INFO]: Waiting for pending navigations...
[1708971826.097][INFO]: Done waiting for pending navigations. Status: ok
[1708971826.107][INFO]: Waiting for pending navigations...
[1708971826.107][INFO]: Done waiting for pending navigations. Status: ok
[1708971826.107][INFO]: [9485671eeb33e9f1054e17bf906270df] RESPONSE GetElementText "₹ 9,302\nper adult"
[1708971826.112][INFO]: [9485671eeb33e9f1054e17bf906270df] COMMAND GetElementText {
   "id": "38D09DC7FEAE1FE29199BE482D110C96_element_413"
}
[1708971826.112][INFO]: Waiting for pending navigations...
[1708971826.112][INFO]: Done waiting for pending navigations. Status: ok
[1708971826.124][INFO]: Waiting for pending navigations...
[1708971826.125][INFO]: Done waiting for pending navigations. Status: ok
[1708971826.125][INFO]: [9485671eeb33e9f1054e17bf906270df] RESPONSE GetElementText "₹ 9,304\nper adult"
[1708971826.129][INFO]: [9485671eeb33e9f1054e17bf906270df] COMMAND GetElementText {
   "id": "38D09DC7FEAE1FE29199BE482D110C96_element_414"
}
[1708971826.129][INFO]: Waiting for pending navigations...
[1708971826.130][INFO]: Done waiting for pending navigations. Status: ok
[1708971826.140][INFO]: Waiting for pending navigations...
[1708971826.141][INFO]: Done waiting for pending navigations. Status: ok
[1708971826.141][INFO]: [9485671eeb33e9f1054e17bf906270df] RESPONSE GetElementText "₹ 9,356\nper adult"
[1708971826.146][INFO]: [9485671eeb33e9f1054e17bf906270df] COMMAND GetElementText {
   "id": "38D09DC7FEAE1FE29199BE482D110C96_element_415"
}
[1708971826.146][INFO]: Waiting for pending navigations...
[1708971826.147][INFO]: Done waiting for pending navigations. Status: ok
[1708971826.163][INFO]: Waiting for pending navigations...
[1708971826.163][INFO]: Done waiting for pending navigations. Status: ok
[1708971826.163][INFO]: [9485671eeb33e9f1054e17bf906270df] RESPONSE GetElementText "₹ 9,377\nper adult"
[1708971826.167][INFO]: [9485671eeb33e9f1054e17bf906270df] COMMAND GetElementText {
   "id": "38D09DC7FEAE1FE29199BE482D110C96_element_416"
}
[1708971826.167][INFO]: Waiting for pending navigations...
[1708971826.168][INFO]: Done waiting for pending navigations. Status: ok
[1708971826.182][INFO]: Waiting for pending navigations...
[1708971826.182][INFO]: Done waiting for pending navigations. Status: ok
[1708971826.182][INFO]: [9485671eeb33e9f1054e17bf906270df] RESPONSE GetElementText "₹ 9,409\nper adult"
[1708971826.191][INFO]: [9485671eeb33e9f1054e17bf906270df] COMMAND GetElementText {
   "id": "38D09DC7FEAE1FE29199BE482D110C96_element_417"
}
[1708971826.191][INFO]: Waiting for pending navigations...
[1708971826.192][INFO]: Done waiting for pending navigations. Status: ok
[1708971826.202][INFO]: Waiting for pending navigations...
[1708971826.203][INFO]: Done waiting for pending navigations. Status: ok
[1708971826.203][INFO]: [9485671eeb33e9f1054e17bf906270df] RESPONSE GetElementText "₹ 9,409\nper adult"
[1708971826.207][INFO]: [9485671eeb33e9f1054e17bf906270df] COMMAND GetElementText {
   "id": "38D09DC7FEAE1FE29199BE482D110C96_element_418"
}
[1708971826.207][INFO]: Waiting for pending navigations...
[1708971826.208][INFO]: Done waiting for pending navigations. Status: ok
[1708971826.221][INFO]: Waiting for pending navigations...
[1708971826.223][INFO]: Done waiting for pending navigations. Status: ok
[1708971826.223][INFO]: [9485671eeb33e9f1054e17bf906270df] RESPONSE GetElementText "₹ 9,485\nper adult"
[1708971826.228][INFO]: [9485671eeb33e9f1054e17bf906270df] COMMAND GetElementText {
   "id": "38D09DC7FEAE1FE29199BE482D110C96_element_419"
}
[1708971826.228][INFO]: Waiting for pending navigations...
[1708971826.229][INFO]: Done waiting for pending navigations. Status: ok
[1708971826.241][INFO]: Waiting for pending navigations...
[1708971826.242][INFO]: Done waiting for pending navigations. Status: ok
[1708971826.242][INFO]: [9485671eeb33e9f1054e17bf906270df] RESPONSE GetElementText "₹ 9,711\nper adult"
[1708971826.256][INFO]: [9485671eeb33e9f1054e17bf906270df] COMMAND GetElementText {
   "id": "38D09DC7FEAE1FE29199BE482D110C96_element_420"
}
[1708971826.256][INFO]: Waiting for pending navigations...
[1708971826.257][INFO]: Done waiting for pending navigations. Status: ok
[1708971826.271][INFO]: Waiting for pending navigations...
[1708971826.273][INFO]: Done waiting for pending navigations. Status: ok
[1708971826.273][INFO]: [9485671eeb33e9f1054e17bf906270df] RESPONSE GetElementText "₹ 9,853\nper adult"
[1708971826.279][INFO]: [9485671eeb33e9f1054e17bf906270df] COMMAND GetElementText {
   "id": "38D09DC7FEAE1FE29199BE482D110C96_element_421"
}
[1708971826.279][INFO]: Waiting for pending navigations...
[1708971826.280][INFO]: Done waiting for pending navigations. Status: ok
[1708971826.292][INFO]: Waiting for pending navigations...
[1708971826.292][INFO]: Done waiting for pending navigations. Status: ok
[1708971826.292][INFO]: [9485671eeb33e9f1054e17bf906270df] RESPONSE GetElementText "₹ 9,935\nper adult"
[1708971826.297][INFO]: [9485671eeb33e9f1054e17bf906270df] COMMAND GetElementText {
   "id": "38D09DC7FEAE1FE29199BE482D110C96_element_422"
}
[1708971826.297][INFO]: Waiting for pending navigations...
[1708971826.298][INFO]: Done waiting for pending navigations. Status: ok
[1708971826.308][INFO]: Waiting for pending navigations...
[1708971826.309][INFO]: Done waiting for pending navigations. Status: ok
[1708971826.309][INFO]: [9485671eeb33e9f1054e17bf906270df] RESPONSE GetElementText "₹ 9,935\nper adult"
[1708971826.313][INFO]: [9485671eeb33e9f1054e17bf906270df] COMMAND GetElementText {
   "id": "38D09DC7FEAE1FE29199BE482D110C96_element_423"
}
[1708971826.313][INFO]: Waiting for pending navigations...
[1708971826.314][INFO]: Done waiting for pending navigations. Status: ok
[1708971826.326][INFO]: Waiting for pending navigations...
[1708971826.327][INFO]: Done waiting for pending navigations. Status: ok
[1708971826.327][INFO]: [9485671eeb33e9f1054e17bf906270df] RESPONSE GetElementText "₹ 10,732\nper adult"
[1708971826.332][INFO]: [9485671eeb33e9f1054e17bf906270df] COMMAND Navigate {
   "url": "https://www.makemytrip.com/"
}
[1708971826.332][INFO]: Waiting for pending navigations...
[1708971826.333][INFO]: Done waiting for pending navigations. Status: ok
[1708971826.456][INFO]: Waiting for pending navigations...
[1708971828.542][INFO]: Done waiting for pending navigations. Status: ok
[1708971828.543][INFO]: [9485671eeb33e9f1054e17bf906270df] RESPONSE Navigate
[1708971831.570][INFO]: [9485671eeb33e9f1054e17bf906270df] COMMAND FindElement {
   "using": "xpath",
   "value": "//li[@data-cy='menu_Trains']//a"
}
[1708971831.570][INFO]: Waiting for pending navigations...
[1708971831.571][INFO]: Done waiting for pending navigations. Status: ok
[1708971831.587][INFO]: Waiting for pending navigations...
[1708971831.587][INFO]: Done waiting for pending navigations. Status: ok
[1708971831.587][INFO]: [9485671eeb33e9f1054e17bf906270df] RESPONSE FindElement {
   "element-6066-11e4-a52e-4f735466cecf": "B6BB48C677915763054F6398F3CC3AA2_element_451"
}
[1708971831.594][INFO]: [9485671eeb33e9f1054e17bf906270df] COMMAND ClickElement {
   "id": "B6BB48C677915763054F6398F3CC3AA2_element_451"
}
[1708971831.594][INFO]: Waiting for pending navigations...
[1708971831.595][INFO]: Done waiting for pending navigations. Status: ok
[1708971831.873][INFO]: Waiting for pending navigations...
[1708971831.928][INFO]: Done waiting for pending navigations. Status: ok
[1708971831.928][INFO]: [9485671eeb33e9f1054e17bf906270df] RESPONSE ClickElement
[1708971831.938][INFO]: [9485671eeb33e9f1054e17bf906270df] COMMAND FindElement {
   "using": "css selector",
   "value": "#fromCity"
}
[1708971831.938][INFO]: Waiting for pending navigations...
[1708971831.953][INFO]: Done waiting for pending navigations. Status: ok
[1708971832.347][INFO]: Waiting for pending navigations...
[1708971832.375][INFO]: Done waiting for pending navigations. Status: ok
[1708971832.375][INFO]: [9485671eeb33e9f1054e17bf906270df] RESPONSE FindElement {
   "element-6066-11e4-a52e-4f735466cecf": "B6BB48C677915763054F6398F3CC3AA2_element_455"
}
[1708971832.382][INFO]: [9485671eeb33e9f1054e17bf906270df] COMMAND ClickElement {
   "id": "B6BB48C677915763054F6398F3CC3AA2_element_455"
}
[1708971832.382][INFO]: Waiting for pending navigations...
[1708971832.383][INFO]: Done waiting for pending navigations. Status: ok
[1708971832.570][INFO]: Waiting for pending navigations...
[1708971832.608][INFO]: Done waiting for pending navigations. Status: ok
[1708971832.608][INFO]: [9485671eeb33e9f1054e17bf906270df] RESPONSE ClickElement
[1708971835.637][INFO]: [9485671eeb33e9f1054e17bf906270df] COMMAND FindElement {
   "using": "xpath",
   "value": "//div[@class='autoSuggestPlugin hsw_autocomplePopup']/div/input"
}
[1708971835.637][INFO]: Waiting for pending navigations...
[1708971835.640][INFO]: Done waiting for pending navigations. Status: ok
[1708971835.666][INFO]: Waiting for pending navigations...
[1708971835.668][INFO]: Done waiting for pending navigations. Status: ok
[1708971835.668][INFO]: [9485671eeb33e9f1054e17bf906270df] RESPONSE FindElement {
   "element-6066-11e4-a52e-4f735466cecf": "B6BB48C677915763054F6398F3CC3AA2_element_476"
}
[1708971835.680][INFO]: [9485671eeb33e9f1054e17bf906270df] COMMAND TypeElement {
   "id": "B6BB48C677915763054F6398F3CC3AA2_element_476",
   "text": "ypr",
   "value": [ "y", "p", "r" ]
}
[1708971835.680][INFO]: Waiting for pending navigations...
[1708971835.682][INFO]: Done waiting for pending navigations. Status: ok
[1708971835.802][INFO]: Waiting for pending navigations...
[1708971835.809][INFO]: Done waiting for pending navigations. Status: ok
[1708971835.809][INFO]: [9485671eeb33e9f1054e17bf906270df] RESPONSE TypeElement
[1708971835.816][INFO]: [9485671eeb33e9f1054e17bf906270df] COMMAND FindElements {
   "using": "xpath",
   "value": "//span[@class='sr_city blackText']"
}
[1708971835.817][INFO]: Waiting for pending navigations...
[1708971835.818][INFO]: Done waiting for pending navigations. Status: ok
[1708971835.833][INFO]: Waiting for pending navigations...
[1708971835.834][INFO]: Done waiting for pending navigations. Status: ok
[1708971835.834][INFO]: [9485671eeb33e9f1054e17bf906270df] RESPONSE FindElements [ {
   "element-6066-11e4-a52e-4f735466cecf": "B6BB48C677915763054F6398F3CC3AA2_element_479"
}, {
   "element-6066-11e4-a52e-4f735466cecf": "B6BB48C677915763054F6398F3CC3AA2_element_480"
}, {
   "element-6066-11e4-a52e-4f735466cecf": "B6BB48C677915763054F6398F3CC3AA2_element_481"
}, {
   "element-6066-11e4-a52e-4f735466cecf": "B6BB48C677915763054F6398F3CC3AA2_element_482"
}, {
   "element-6066-11e4-a52e-4f735466cecf": "B6BB48C677915763054F6398F3CC3AA2_element_483"
}, {
   "element-6066-11e4-a52e-4f735466cecf": "B6BB48C677915763054F6398F3CC3AA2_element_484"
}, {
   "element-6066-11e4-a52e-4f735466cecf": "B6BB48C677915763054F6398F3CC3AA2_element_485"
}, {
   "element-6066-11e4-a52e-4f735466cecf": "B6BB48C677915763054F6398F3CC3AA2_element_486"
}, {
   "element-6066-11e4-a52e-4f735466cecf": "B6BB48C677915763054F6398F3CC3AA2_element_487"
}, {
   "element-6066-11e4-a52e-4f735466cecf": "B6BB48C677915763054F6398F3CC3AA2_element_488"
}, {
   "element-6066-11e4-a52e-4f735466cecf": "B6BB48C677915763054F6398F3CC3AA2_element_489"
}, {
   "element-6066-11e4-a52e-4f735466cecf": "B6BB48C677915763054F6398F3CC3AA2_element_490"
}, {
   "element-6066-11e4-a52e-4f735466cecf": "B6BB48C677915763054F6398F3CC3AA2_element_491"
}, {
   "element-6066-11e4-a52e-4f735466cecf": "B6BB48C677915763054F6398F3CC3AA2_element_492"
}, {
   "element-6066-11e4-a52e-4f735466cecf": "B6BB48C677915763054F6398F3CC3AA2_element_493"
}, {
   "element-6066-11e4-a52e-4f735466cecf": "B6BB48C677915763054F6398F3CC3AA2_element_494"
}, {
   "element-6066-11e4-a52e-4f735466cecf": "B6BB48C677915763054F6398F3CC3AA2_element_495"
}, {
   "element-6066-11e4-a52e-4f735466cecf": "B6BB48C677915763054F6398F3CC3AA2_element_496"
}, {
   "element-6066-11e4-a52e-4f735466cecf": "B6BB48C677915763054F6398F3CC3AA2_element_497"
}, "..." ]
[1708971835.839][INFO]: [9485671eeb33e9f1054e17bf906270df] COMMAND GetElementText {
   "id": "B6BB48C677915763054F6398F3CC3AA2_element_479"
}
[1708971835.839][INFO]: Waiting for pending navigations...
[1708971835.840][INFO]: Done waiting for pending navigations. Status: ok
[1708971835.849][INFO]: Waiting for pending navigations...
[1708971835.850][INFO]: Done waiting for pending navigations. Status: ok
[1708971835.850][INFO]: [9485671eeb33e9f1054e17bf906270df] RESPONSE GetElementText "Delhi"
[1708971835.856][INFO]: [9485671eeb33e9f1054e17bf906270df] COMMAND GetElementText {
   "id": "B6BB48C677915763054F6398F3CC3AA2_element_480"
}
[1708971835.856][INFO]: Waiting for pending navigations...
[1708971835.857][INFO]: Done waiting for pending navigations. Status: ok
[1708971835.868][INFO]: Waiting for pending navigations...
[1708971835.868][INFO]: Done waiting for pending navigations. Status: ok
[1708971835.869][INFO]: [9485671eeb33e9f1054e17bf906270df] RESPONSE GetElementText "New Delhi Railway Station"
[1708971835.872][INFO]: [9485671eeb33e9f1054e17bf906270df] COMMAND GetElementText {
   "id": "B6BB48C677915763054F6398F3CC3AA2_element_481"
}
[1708971835.872][INFO]: Waiting for pending navigations...
[1708971835.873][INFO]: Done waiting for pending navigations. Status: ok
[1708971835.882][INFO]: Waiting for pending navigations...
[1708971835.883][INFO]: Done waiting for pending navigations. Status: ok
[1708971835.883][INFO]: [9485671eeb33e9f1054e17bf906270df] RESPONSE GetElementText "Kolkata"
[1708971835.885][INFO]: [9485671eeb33e9f1054e17bf906270df] COMMAND GetElementText {
   "id": "B6BB48C677915763054F6398F3CC3AA2_element_482"
}
[1708971835.886][INFO]: Waiting for pending navigations...
[1708971835.886][INFO]: Done waiting for pending navigations. Status: ok
[1708971835.895][INFO]: Waiting for pending navigations...
[1708971835.895][INFO]: Done waiting for pending navigations. Status: ok
[1708971835.896][INFO]: [9485671eeb33e9f1054e17bf906270df] RESPONSE GetElementText "Kolkata Howrah Junction"
[1708971835.898][INFO]: [9485671eeb33e9f1054e17bf906270df] COMMAND GetElementText {
   "id": "B6BB48C677915763054F6398F3CC3AA2_element_483"
}
[1708971835.898][INFO]: Waiting for pending navigations...
[1708971835.899][INFO]: Done waiting for pending navigations. Status: ok
[1708971835.907][INFO]: Waiting for pending navigations...
[1708971835.908][INFO]: Done waiting for pending navigations. Status: ok
[1708971835.908][INFO]: [9485671eeb33e9f1054e17bf906270df] RESPONSE GetElementText "Mumbai"
[1708971835.912][INFO]: [9485671eeb33e9f1054e17bf906270df] COMMAND GetElementText {
   "id": "B6BB48C677915763054F6398F3CC3AA2_element_484"
}
[1708971835.912][INFO]: Waiting for pending navigations...
[1708971835.913][INFO]: Done waiting for pending navigations. Status: ok
[1708971835.923][INFO]: Waiting for pending navigations...
[1708971835.923][INFO]: Done waiting for pending navigations. Status: ok
[1708971835.923][INFO]: [9485671eeb33e9f1054e17bf906270df] RESPONSE GetElementText "Kalyan Junction"
[1708971835.926][INFO]: [9485671eeb33e9f1054e17bf906270df] COMMAND GetElementText {
   "id": "B6BB48C677915763054F6398F3CC3AA2_element_485"
}
[1708971835.926][INFO]: Waiting for pending navigations...
[1708971835.927][INFO]: Done waiting for pending navigations. Status: ok
[1708971835.937][INFO]: Waiting for pending navigations...
[1708971835.939][INFO]: Done waiting for pending navigations. Status: ok
[1708971835.939][INFO]: [9485671eeb33e9f1054e17bf906270df] RESPONSE GetElementText "Chennai"
[1708971835.941][INFO]: [9485671eeb33e9f1054e17bf906270df] COMMAND GetElementText {
   "id": "B6BB48C677915763054F6398F3CC3AA2_element_486"
}
[1708971835.941][INFO]: Waiting for pending navigations...
[1708971835.942][INFO]: Done waiting for pending navigations. Status: ok
[1708971835.951][INFO]: Waiting for pending navigations...
[1708971835.952][INFO]: Done waiting for pending navigations. Status: ok
[1708971835.952][INFO]: [9485671eeb33e9f1054e17bf906270df] RESPONSE GetElementText "Chennai Central Railway Station"
[1708971835.955][INFO]: [9485671eeb33e9f1054e17bf906270df] COMMAND GetElementText {
   "id": "B6BB48C677915763054F6398F3CC3AA2_element_487"
}
[1708971835.955][INFO]: Waiting for pending navigations...
[1708971835.956][INFO]: Done waiting for pending navigations. Status: ok
[1708971835.965][INFO]: Waiting for pending navigations...
[1708971835.966][INFO]: Done waiting for pending navigations. Status: ok
[1708971835.966][INFO]: [9485671eeb33e9f1054e17bf906270df] RESPONSE GetElementText "Hyderabad"
[1708971835.968][INFO]: [9485671eeb33e9f1054e17bf906270df] COMMAND GetElementText {
   "id": "B6BB48C677915763054F6398F3CC3AA2_element_488"
}
[1708971835.968][INFO]: Waiting for pending navigations...
[1708971835.969][INFO]: Done waiting for pending navigations. Status: ok
[1708971835.978][INFO]: Waiting for pending navigations...
[1708971835.979][INFO]: Done waiting for pending navigations. Status: ok
[1708971835.979][INFO]: [9485671eeb33e9f1054e17bf906270df] RESPONSE GetElementText "Secunderabad Junction"
[1708971835.982][INFO]: [9485671eeb33e9f1054e17bf906270df] COMMAND GetElementText {
   "id": "B6BB48C677915763054F6398F3CC3AA2_element_489"
}
[1708971835.982][INFO]: Waiting for pending navigations...
[1708971835.983][INFO]: Done waiting for pending navigations. Status: ok
[1708971835.991][INFO]: Waiting for pending navigations...
[1708971835.992][INFO]: Done waiting for pending navigations. Status: ok
[1708971835.992][INFO]: [9485671eeb33e9f1054e17bf906270df] RESPONSE GetElementText "Bangalore"
[1708971835.996][INFO]: [9485671eeb33e9f1054e17bf906270df] COMMAND ClickElement {
   "id": "B6BB48C677915763054F6398F3CC3AA2_element_489"
}
[1708971835.996][INFO]: Waiting for pending navigations...
[1708971835.996][INFO]: Done waiting for pending navigations. Status: ok
[1708971836.159][INFO]: Waiting for pending navigations...
[1708971836.174][INFO]: Done waiting for pending navigations. Status: ok
[1708971836.174][INFO]: [9485671eeb33e9f1054e17bf906270df] RESPONSE ClickElement
[1708971836.189][INFO]: [9485671eeb33e9f1054e17bf906270df] COMMAND FindElement {
   "using": "css selector",
   "value": "#toCity"
}
[1708971836.189][INFO]: Waiting for pending navigations...
[1708971836.190][INFO]: Done waiting for pending navigations. Status: ok
[1708971836.197][INFO]: Waiting for pending navigations...
[1708971836.198][INFO]: Done waiting for pending navigations. Status: ok
[1708971836.198][INFO]: [9485671eeb33e9f1054e17bf906270df] RESPONSE FindElement {
   "element-6066-11e4-a52e-4f735466cecf": "B6BB48C677915763054F6398F3CC3AA2_element_457"
}
[1708971836.228][INFO]: [9485671eeb33e9f1054e17bf906270df] COMMAND ExecuteScript {
   "args": [ {
      "element-6066-11e4-a52e-4f735466cecf": "B6BB48C677915763054F6398F3CC3AA2_element_457"
   } ],
   "script": "arguments[0].click();"
}
[1708971836.228][INFO]: Waiting for pending navigations...
[1708971836.228][INFO]: Done waiting for pending navigations. Status: ok
[1708971836.271][INFO]: Waiting for pending navigations...
[1708971836.275][INFO]: Done waiting for pending navigations. Status: ok
[1708971836.275][INFO]: [9485671eeb33e9f1054e17bf906270df] RESPONSE ExecuteScript null
[1708971839.284][INFO]: [9485671eeb33e9f1054e17bf906270df] COMMAND FindElement {
   "using": "xpath",
   "value": "//div[@class='autoSuggestPlugin hsw_autocomplePopup']/div/input"
}
[1708971839.284][INFO]: Waiting for pending navigations...
[1708971839.285][INFO]: Done waiting for pending navigations. Status: ok
[1708971839.296][INFO]: Waiting for pending navigations...
[1708971839.297][INFO]: Done waiting for pending navigations. Status: ok
[1708971839.297][INFO]: [9485671eeb33e9f1054e17bf906270df] RESPONSE FindElement {
   "element-6066-11e4-a52e-4f735466cecf": "B6BB48C677915763054F6398F3CC3AA2_element_500"
}
[1708971839.303][INFO]: [9485671eeb33e9f1054e17bf906270df] COMMAND TypeElement {
   "id": "B6BB48C677915763054F6398F3CC3AA2_element_500",
   "text": "ndls",
   "value": [ "n", "d", "l", "s" ]
}
[1708971839.304][INFO]: Waiting for pending navigations...
[1708971839.305][INFO]: Done waiting for pending navigations. Status: ok
[1708971839.405][INFO]: Waiting for pending navigations...
[1708971839.418][INFO]: Done waiting for pending navigations. Status: ok
[1708971839.418][INFO]: [9485671eeb33e9f1054e17bf906270df] RESPONSE TypeElement
[1708971839.422][INFO]: [9485671eeb33e9f1054e17bf906270df] COMMAND FindElements {
   "using": "xpath",
   "value": "//span[@class='sr_city blackText']"
}
[1708971839.422][INFO]: Waiting for pending navigations...
[1708971839.423][INFO]: Done waiting for pending navigations. Status: ok
[1708971839.434][INFO]: Waiting for pending navigations...
[1708971839.435][INFO]: Done waiting for pending navigations. Status: ok
[1708971839.435][INFO]: [9485671eeb33e9f1054e17bf906270df] RESPONSE FindElements [ {
   "element-6066-11e4-a52e-4f735466cecf": "B6BB48C677915763054F6398F3CC3AA2_element_505"
}, {
   "element-6066-11e4-a52e-4f735466cecf": "B6BB48C677915763054F6398F3CC3AA2_element_506"
}, {
   "element-6066-11e4-a52e-4f735466cecf": "B6BB48C677915763054F6398F3CC3AA2_element_507"
}, {
   "element-6066-11e4-a52e-4f735466cecf": "B6BB48C677915763054F6398F3CC3AA2_element_508"
}, {
   "element-6066-11e4-a52e-4f735466cecf": "B6BB48C677915763054F6398F3CC3AA2_element_509"
}, {
   "element-6066-11e4-a52e-4f735466cecf": "B6BB48C677915763054F6398F3CC3AA2_element_510"
}, {
   "element-6066-11e4-a52e-4f735466cecf": "B6BB48C677915763054F6398F3CC3AA2_element_511"
}, {
   "element-6066-11e4-a52e-4f735466cecf": "B6BB48C677915763054F6398F3CC3AA2_element_512"
}, {
   "element-6066-11e4-a52e-4f735466cecf": "B6BB48C677915763054F6398F3CC3AA2_element_513"
}, {
   "element-6066-11e4-a52e-4f735466cecf": "B6BB48C677915763054F6398F3CC3AA2_element_514"
}, {
   "element-6066-11e4-a52e-4f735466cecf": "B6BB48C677915763054F6398F3CC3AA2_element_515"
}, {
   "element-6066-11e4-a52e-4f735466cecf": "B6BB48C677915763054F6398F3CC3AA2_element_516"
}, {
   "element-6066-11e4-a52e-4f735466cecf": "B6BB48C677915763054F6398F3CC3AA2_element_517"
}, {
   "element-6066-11e4-a52e-4f735466cecf": "B6BB48C677915763054F6398F3CC3AA2_element_518"
}, {
   "element-6066-11e4-a52e-4f735466cecf": "B6BB48C677915763054F6398F3CC3AA2_element_519"
}, {
   "element-6066-11e4-a52e-4f735466cecf": "B6BB48C677915763054F6398F3CC3AA2_element_520"
}, {
   "element-6066-11e4-a52e-4f735466cecf": "B6BB48C677915763054F6398F3CC3AA2_element_521"
}, {
   "element-6066-11e4-a52e-4f735466cecf": "B6BB48C677915763054F6398F3CC3AA2_element_522"
}, {
   "element-6066-11e4-a52e-4f735466cecf": "B6BB48C677915763054F6398F3CC3AA2_element_523"
}, "..." ]
[1708971839.439][INFO]: [9485671eeb33e9f1054e17bf906270df] COMMAND GetElementText {
   "id": "B6BB48C677915763054F6398F3CC3AA2_element_505"
}
[1708971839.439][INFO]: Waiting for pending navigations...
[1708971839.440][INFO]: Done waiting for pending navigations. Status: ok
[1708971839.452][INFO]: Waiting for pending navigations...
[1708971839.453][INFO]: Done waiting for pending navigations. Status: ok
[1708971839.453][INFO]: [9485671eeb33e9f1054e17bf906270df] RESPONSE GetElementText "Delhi"
[1708971839.460][INFO]: [9485671eeb33e9f1054e17bf906270df] COMMAND ClickElement {
   "id": "B6BB48C677915763054F6398F3CC3AA2_element_505"
}
[1708971839.460][INFO]: Waiting for pending navigations...
[1708971839.461][INFO]: Done waiting for pending navigations. Status: ok
[1708971839.588][INFO]: Waiting for pending navigations...
[1708971839.596][INFO]: Done waiting for pending navigations. Status: ok
[1708971839.596][INFO]: [9485671eeb33e9f1054e17bf906270df] RESPONSE ClickElement
[1708971839.608][INFO]: [9485671eeb33e9f1054e17bf906270df] COMMAND FindElement {
   "using": "css selector",
   "value": "#travelDate"
}
[1708971839.609][INFO]: Waiting for pending navigations...
[1708971839.610][INFO]: Done waiting for pending navigations. Status: ok
[1708971839.627][INFO]: Waiting for pending navigations...
[1708971839.628][INFO]: Done waiting for pending navigations. Status: ok
[1708971839.628][INFO]: [9485671eeb33e9f1054e17bf906270df] RESPONSE FindElement {
   "element-6066-11e4-a52e-4f735466cecf": "B6BB48C677915763054F6398F3CC3AA2_element_458"
}
[1708971839.635][INFO]: [9485671eeb33e9f1054e17bf906270df] COMMAND ClickElement {
   "id": "B6BB48C677915763054F6398F3CC3AA2_element_458"
}
[1708971839.635][INFO]: Waiting for pending navigations...
[1708971839.637][INFO]: Done waiting for pending navigations. Status: ok
[1708971839.761][INFO]: Waiting for pending navigations...
[1708971839.770][INFO]: Done waiting for pending navigations. Status: ok
[1708971839.770][INFO]: [9485671eeb33e9f1054e17bf906270df] RESPONSE ClickElement
[1708971839.837][INFO]: [9485671eeb33e9f1054e17bf906270df] COMMAND FindElement {
   "using": "xpath",
   "value": "//div[@class='DayPicker-Months']//div[2]//div[contains(text(),'29')]"
}
[1708971839.837][INFO]: Waiting for pending navigations...
[1708971839.838][INFO]: Done waiting for pending navigations. Status: ok
[1708971839.854][INFO]: Waiting for pending navigations...
[1708971839.857][INFO]: Done waiting for pending navigations. Status: ok
[1708971839.857][INFO]: [9485671eeb33e9f1054e17bf906270df] RESPONSE FindElement {
   "element-6066-11e4-a52e-4f735466cecf": "B6BB48C677915763054F6398F3CC3AA2_element_528"
}
[1708971839.861][INFO]: [9485671eeb33e9f1054e17bf906270df] COMMAND ClickElement {
   "id": "B6BB48C677915763054F6398F3CC3AA2_element_528"
}
[1708971839.861][INFO]: Waiting for pending navigations...
[1708971839.862][INFO]: Done waiting for pending navigations. Status: ok
[1708971839.969][INFO]: Waiting for pending navigations...
[1708971840.002][INFO]: Done waiting for pending navigations. Status: ok
[1708971840.002][INFO]: [9485671eeb33e9f1054e17bf906270df] RESPONSE ClickElement
[1708971840.011][INFO]: [9485671eeb33e9f1054e17bf906270df] COMMAND FindElement {
   "using": "xpath",
   "value": "//span[@data-cy='class']"
}
[1708971840.011][INFO]: Waiting for pending navigations...
[1708971840.012][INFO]: Done waiting for pending navigations. Status: ok
[1708971840.075][INFO]: Waiting for pending navigations...
[1708971840.078][INFO]: Done waiting for pending navigations. Status: ok
[1708971840.078][INFO]: [9485671eeb33e9f1054e17bf906270df] RESPONSE FindElement {
   "element-6066-11e4-a52e-4f735466cecf": "B6BB48C677915763054F6398F3CC3AA2_element_533"
}
[1708971840.089][INFO]: [9485671eeb33e9f1054e17bf906270df] COMMAND ClickElement {
   "id": "B6BB48C677915763054F6398F3CC3AA2_element_533"
}
[1708971840.089][INFO]: Waiting for pending navigations...
[1708971840.091][INFO]: Done waiting for pending navigations. Status: ok
[1708971840.349][INFO]: Waiting for pending navigations...
[1708971840.358][INFO]: Done waiting for pending navigations. Status: ok
[1708971840.358][INFO]: [9485671eeb33e9f1054e17bf906270df] RESPONSE ClickElement
[1708971840.391][INFO]: [9485671eeb33e9f1054e17bf906270df] COMMAND FindElement {
   "using": "xpath",
   "value": "//ul[@class='travelForPopup']/li[@data-cy='3A']"
}
[1708971840.391][INFO]: Waiting for pending navigations...
[1708971840.404][INFO]: Done waiting for pending navigations. Status: ok
[1708971840.472][INFO]: Waiting for pending navigations...
[1708971840.473][INFO]: Done waiting for pending navigations. Status: ok
[1708971840.473][INFO]: [9485671eeb33e9f1054e17bf906270df] RESPONSE FindElement {
   "element-6066-11e4-a52e-4f735466cecf": "B6BB48C677915763054F6398F3CC3AA2_element_534"
}
[1708971840.498][INFO]: [9485671eeb33e9f1054e17bf906270df] COMMAND ClickElement {
   "id": "B6BB48C677915763054F6398F3CC3AA2_element_534"
}
[1708971840.503][INFO]: Waiting for pending navigations...
[1708971840.505][INFO]: Done waiting for pending navigations. Status: ok
[1708971840.647][INFO]: Waiting for pending navigations...
[1708971840.657][INFO]: Done waiting for pending navigations. Status: ok
[1708971840.657][INFO]: [9485671eeb33e9f1054e17bf906270df] RESPONSE ClickElement
[1708971840.662][INFO]: [9485671eeb33e9f1054e17bf906270df] COMMAND FindElement {
   "using": "xpath",
   "value": "//a[@data-cy='submit']"
}
[1708971840.662][INFO]: Waiting for pending navigations...
[1708971840.663][INFO]: Done waiting for pending navigations. Status: ok
[1708971840.686][INFO]: Waiting for pending navigations...
[1708971840.689][INFO]: Done waiting for pending navigations. Status: ok
[1708971840.689][INFO]: [9485671eeb33e9f1054e17bf906270df] RESPONSE FindElement {
   "element-6066-11e4-a52e-4f735466cecf": "B6BB48C677915763054F6398F3CC3AA2_element_535"
}
[1708971840.693][INFO]: [9485671eeb33e9f1054e17bf906270df] COMMAND ClickElement {
   "id": "B6BB48C677915763054F6398F3CC3AA2_element_535"
}
[1708971840.693][INFO]: Waiting for pending navigations...
[1708971840.694][INFO]: Done waiting for pending navigations. Status: ok
[1708971840.920][INFO]: Waiting for pending navigations...
[1708971844.556][INFO]: Done waiting for pending navigations. Status: ok
[1708971844.556][INFO]: [9485671eeb33e9f1054e17bf906270df] RESPONSE ClickElement
[1708971849.572][INFO]: [9485671eeb33e9f1054e17bf906270df] COMMAND FindElements {
   "using": "xpath",
   "value": "//div[contains(text(),'3A')]/../following-sibling::div"
}
[1708971849.572][INFO]: Waiting for pending navigations...
[1708971849.573][INFO]: Done waiting for pending navigations. Status: ok
[1708971849.594][INFO]: Waiting for pending navigations...
[1708971849.595][INFO]: Done waiting for pending navigations. Status: ok
[1708971849.596][INFO]: [9485671eeb33e9f1054e17bf906270df] RESPONSE FindElements [ {
   "element-6066-11e4-a52e-4f735466cecf": "47C3EB81C9195365727B12BA193799B6_element_616"
}, {
   "element-6066-11e4-a52e-4f735466cecf": "47C3EB81C9195365727B12BA193799B6_element_617"
}, {
   "element-6066-11e4-a52e-4f735466cecf": "47C3EB81C9195365727B12BA193799B6_element_618"
} ]
[1708971849.600][INFO]: [9485671eeb33e9f1054e17bf906270df] COMMAND GetElementText {
   "id": "47C3EB81C9195365727B12BA193799B6_element_616"
}
[1708971849.600][INFO]: Waiting for pending navigations...
[1708971849.601][INFO]: Done waiting for pending navigations. Status: ok
[1708971849.613][INFO]: Waiting for pending navigations...
[1708971849.613][INFO]: Done waiting for pending navigations. Status: ok
[1708971849.613][INFO]: [9485671eeb33e9f1054e17bf906270df] RESPONSE GetElementText "₹ 4245"
[1708971849.618][INFO]: [9485671eeb33e9f1054e17bf906270df] COMMAND GetElementText {
   "id": "47C3EB81C9195365727B12BA193799B6_element_617"
}
[1708971849.618][INFO]: Waiting for pending navigations...
[1708971849.619][INFO]: Done waiting for pending navigations. Status: ok
[1708971849.630][INFO]: Waiting for pending navigations...
[1708971849.630][INFO]: Done waiting for pending navigations. Status: ok
[1708971849.630][INFO]: [9485671eeb33e9f1054e17bf906270df] RESPONSE GetElementText "₹ 2400"
[1708971849.634][INFO]: [9485671eeb33e9f1054e17bf906270df] COMMAND GetElementText {
   "id": "47C3EB81C9195365727B12BA193799B6_element_618"
}
[1708971849.634][INFO]: Waiting for pending navigations...
[1708971849.635][INFO]: Done waiting for pending navigations. Status: ok
[1708971849.644][INFO]: Waiting for pending navigations...
[1708971849.646][INFO]: Done waiting for pending navigations. Status: ok
[1708971849.646][INFO]: [9485671eeb33e9f1054e17bf906270df] RESPONSE GetElementText "₹ 2225"
[1708971849.650][INFO]: [9485671eeb33e9f1054e17bf906270df] COMMAND Navigate {
   "url": "https://www.makemytrip.com/"
}
[1708971849.650][INFO]: Waiting for pending navigations...
[1708971849.650][INFO]: Done waiting for pending navigations. Status: ok
[1708971850.079][INFO]: Waiting for pending navigations...
[1708971852.291][INFO]: Done waiting for pending navigations. Status: ok
[1708971852.292][INFO]: [9485671eeb33e9f1054e17bf906270df] RESPONSE Navigate
[1708971855.316][INFO]: [9485671eeb33e9f1054e17bf906270df] COMMAND FindElement {
   "using": "xpath",
   "value": "//li[@class='menu_Buses']//a"
}
[1708971855.316][INFO]: Waiting for pending navigations...
[1708971855.319][INFO]: Done waiting for pending navigations. Status: ok
[1708971855.363][INFO]: Waiting for pending navigations...
[1708971855.366][INFO]: Done waiting for pending navigations. Status: ok
[1708971855.366][INFO]: [9485671eeb33e9f1054e17bf906270df] RESPONSE FindElement {
   "element-6066-11e4-a52e-4f735466cecf": "DBBFC9A188629360C9D5EB90891C42FA_element_649"
}
[1708971855.378][INFO]: [9485671eeb33e9f1054e17bf906270df] COMMAND ClickElement {
   "id": "DBBFC9A188629360C9D5EB90891C42FA_element_649"
}
[1708971855.378][INFO]: Waiting for pending navigations...
[1708971855.380][INFO]: Done waiting for pending navigations. Status: ok
[1708971855.712][INFO]: Waiting for pending navigations...
[1708971855.757][INFO]: Done waiting for pending navigations. Status: ok
[1708971855.757][INFO]: [9485671eeb33e9f1054e17bf906270df] RESPONSE ClickElement
[1708971855.776][INFO]: [9485671eeb33e9f1054e17bf906270df] COMMAND FindElement {
   "using": "css selector",
   "value": "#fromCity"
}
[1708971855.776][INFO]: Waiting for pending navigations...
[1708971855.798][INFO]: Done waiting for pending navigations. Status: ok
[1708971855.929][INFO]: Waiting for pending navigations...
[1708971855.963][INFO]: Done waiting for pending navigations. Status: ok
[1708971855.963][INFO]: [9485671eeb33e9f1054e17bf906270df] RESPONSE FindElement {
   "element-6066-11e4-a52e-4f735466cecf": "DBBFC9A188629360C9D5EB90891C42FA_element_653"
}
[1708971855.974][INFO]: [9485671eeb33e9f1054e17bf906270df] COMMAND ClickElement {
   "id": "DBBFC9A188629360C9D5EB90891C42FA_element_653"
}
[1708971855.975][INFO]: Waiting for pending navigations...
[1708971855.995][INFO]: Done waiting for pending navigations. Status: ok
[1708971856.162][INFO]: Waiting for pending navigations...
[1708971856.188][INFO]: Done waiting for pending navigations. Status: ok
[1708971856.188][INFO]: [9485671eeb33e9f1054e17bf906270df] RESPONSE ClickElement
[1708971859.202][INFO]: [9485671eeb33e9f1054e17bf906270df] COMMAND FindElement {
   "using": "xpath",
   "value": "//div[@class='autoSuggestPlugin hsw_autocomplePopup']/div/input"
}
[1708971859.202][INFO]: Waiting for pending navigations...
[1708971859.204][INFO]: Done waiting for pending navigations. Status: ok
[1708971859.223][INFO]: Waiting for pending navigations...
[1708971859.225][INFO]: Done waiting for pending navigations. Status: ok
[1708971859.225][INFO]: [9485671eeb33e9f1054e17bf906270df] RESPONSE FindElement {
   "element-6066-11e4-a52e-4f735466cecf": "DBBFC9A188629360C9D5EB90891C42FA_element_661"
}
[1708971859.236][INFO]: [9485671eeb33e9f1054e17bf906270df] COMMAND TypeElement {
   "id": "DBBFC9A188629360C9D5EB90891C42FA_element_661",
   "text": "bangl",
   "value": [ "b", "a", "n", "g", "l" ]
}
[1708971859.236][INFO]: Waiting for pending navigations...
[1708971859.237][INFO]: Done waiting for pending navigations. Status: ok
[1708971859.524][INFO]: Waiting for pending navigations...
[1708971859.532][INFO]: Done waiting for pending navigations. Status: ok
[1708971859.532][INFO]: [9485671eeb33e9f1054e17bf906270df] RESPONSE TypeElement
[1708971859.536][INFO]: [9485671eeb33e9f1054e17bf906270df] COMMAND FindElements {
   "using": "xpath",
   "value": "//p[@class='searchedResult font14 darkText']"
}
[1708971859.536][INFO]: Waiting for pending navigations...
[1708971859.537][INFO]: Done waiting for pending navigations. Status: ok
[1708971859.552][INFO]: Waiting for pending navigations...
[1708971859.553][INFO]: Done waiting for pending navigations. Status: ok
[1708971859.553][INFO]: [9485671eeb33e9f1054e17bf906270df] RESPONSE FindElements [ {
   "element-6066-11e4-a52e-4f735466cecf": "DBBFC9A188629360C9D5EB90891C42FA_element_664"
}, {
   "element-6066-11e4-a52e-4f735466cecf": "DBBFC9A188629360C9D5EB90891C42FA_element_665"
}, {
   "element-6066-11e4-a52e-4f735466cecf": "DBBFC9A188629360C9D5EB90891C42FA_element_666"
}, {
   "element-6066-11e4-a52e-4f735466cecf": "DBBFC9A188629360C9D5EB90891C42FA_element_667"
}, {
   "element-6066-11e4-a52e-4f735466cecf": "DBBFC9A188629360C9D5EB90891C42FA_element_668"
}, {
   "element-6066-11e4-a52e-4f735466cecf": "DBBFC9A188629360C9D5EB90891C42FA_element_669"
}, {
   "element-6066-11e4-a52e-4f735466cecf": "DBBFC9A188629360C9D5EB90891C42FA_element_670"
}, {
   "element-6066-11e4-a52e-4f735466cecf": "DBBFC9A188629360C9D5EB90891C42FA_element_671"
} ]
[1708971859.557][INFO]: [9485671eeb33e9f1054e17bf906270df] COMMAND GetElementText {
   "id": "DBBFC9A188629360C9D5EB90891C42FA_element_664"
}
[1708971859.557][INFO]: Waiting for pending navigations...
[1708971859.558][INFO]: Done waiting for pending navigations. Status: ok
[1708971859.568][INFO]: Waiting for pending navigations...
[1708971859.569][INFO]: Done waiting for pending navigations. Status: ok
[1708971859.569][INFO]: [9485671eeb33e9f1054e17bf906270df] RESPONSE GetElementText "Mumbai, Maharashtra"
[1708971859.573][INFO]: [9485671eeb33e9f1054e17bf906270df] COMMAND GetElementText {
   "id": "DBBFC9A188629360C9D5EB90891C42FA_element_665"
}
[1708971859.573][INFO]: Waiting for pending navigations...
[1708971859.574][INFO]: Done waiting for pending navigations. Status: ok
[1708971859.584][INFO]: Waiting for pending navigations...
[1708971859.584][INFO]: Done waiting for pending navigations. Status: ok
[1708971859.584][INFO]: [9485671eeb33e9f1054e17bf906270df] RESPONSE GetElementText "Delhi, Delhi"
[1708971859.588][INFO]: [9485671eeb33e9f1054e17bf906270df] COMMAND GetElementText {
   "id": "DBBFC9A188629360C9D5EB90891C42FA_element_666"
}
[1708971859.588][INFO]: Waiting for pending navigations...
[1708971859.589][INFO]: Done waiting for pending navigations. Status: ok
[1708971859.599][INFO]: Waiting for pending navigations...
[1708971859.600][INFO]: Done waiting for pending navigations. Status: ok
[1708971859.600][INFO]: [9485671eeb33e9f1054e17bf906270df] RESPONSE GetElementText "Bangalore, Karnataka"
[1708971859.604][INFO]: [9485671eeb33e9f1054e17bf906270df] COMMAND ClickElement {
   "id": "DBBFC9A188629360C9D5EB90891C42FA_element_666"
}
[1708971859.604][INFO]: Waiting for pending navigations...
[1708971859.605][INFO]: Done waiting for pending navigations. Status: ok
[1708971859.747][INFO]: Waiting for pending navigations...
[1708971859.754][INFO]: Done waiting for pending navigations. Status: ok
[1708971859.754][INFO]: [9485671eeb33e9f1054e17bf906270df] RESPONSE ClickElement
[1708971859.775][INFO]: [9485671eeb33e9f1054e17bf906270df] COMMAND FindElement {
   "using": "css selector",
   "value": "#toCity"
}
[1708971859.775][INFO]: Waiting for pending navigations...
[1708971859.777][INFO]: Done waiting for pending navigations. Status: ok
[1708971859.789][INFO]: Waiting for pending navigations...
[1708971859.790][INFO]: Done waiting for pending navigations. Status: ok
[1708971859.790][INFO]: [9485671eeb33e9f1054e17bf906270df] RESPONSE FindElement {
   "element-6066-11e4-a52e-4f735466cecf": "DBBFC9A188629360C9D5EB90891C42FA_element_655"
}
[1708971859.795][INFO]: [9485671eeb33e9f1054e17bf906270df] COMMAND ExecuteScript {
   "args": [ {
      "element-6066-11e4-a52e-4f735466cecf": "DBBFC9A188629360C9D5EB90891C42FA_element_655"
   } ],
   "script": "arguments[0].click();"
}
[1708971859.795][INFO]: Waiting for pending navigations...
[1708971859.799][INFO]: Done waiting for pending navigations. Status: ok
[1708971859.834][INFO]: Waiting for pending navigations...
[1708971859.839][INFO]: Done waiting for pending navigations. Status: ok
[1708971859.839][INFO]: [9485671eeb33e9f1054e17bf906270df] RESPONSE ExecuteScript null
[1708971859.844][INFO]: [9485671eeb33e9f1054e17bf906270df] COMMAND FindElement {
   "using": "xpath",
   "value": "//div[@class='autoSuggestPlugin hsw_autocomplePopup']/div/input"
}
[1708971859.844][INFO]: Waiting for pending navigations...
[1708971859.846][INFO]: Done waiting for pending navigations. Status: ok
[1708971859.855][INFO]: Waiting for pending navigations...
[1708971859.856][INFO]: Done waiting for pending navigations. Status: ok
[1708971859.856][INFO]: [9485671eeb33e9f1054e17bf906270df] RESPONSE FindElement {
   "element-6066-11e4-a52e-4f735466cecf": "DBBFC9A188629360C9D5EB90891C42FA_element_673"
}
[1708971859.860][INFO]: [9485671eeb33e9f1054e17bf906270df] COMMAND TypeElement {
   "id": "DBBFC9A188629360C9D5EB90891C42FA_element_673",
   "text": "del",
   "value": [ "d", "e", "l" ]
}
[1708971859.860][INFO]: Waiting for pending navigations...
[1708971859.863][INFO]: Done waiting for pending navigations. Status: ok
[1708971859.944][INFO]: Waiting for pending navigations...
[1708971859.954][INFO]: Done waiting for pending navigations. Status: ok
[1708971859.954][INFO]: [9485671eeb33e9f1054e17bf906270df] RESPONSE TypeElement
[1708971859.958][INFO]: [9485671eeb33e9f1054e17bf906270df] COMMAND FindElements {
   "using": "xpath",
   "value": "//p[@class='searchedResult font14 darkText']"
}
[1708971859.958][INFO]: Waiting for pending navigations...
[1708971859.959][INFO]: Done waiting for pending navigations. Status: ok
[1708971860.100][INFO]: Waiting for pending navigations...
[1708971860.101][INFO]: Done waiting for pending navigations. Status: ok
[1708971860.101][INFO]: [9485671eeb33e9f1054e17bf906270df] RESPONSE FindElements [ {
   "element-6066-11e4-a52e-4f735466cecf": "DBBFC9A188629360C9D5EB90891C42FA_element_676"
}, {
   "element-6066-11e4-a52e-4f735466cecf": "DBBFC9A188629360C9D5EB90891C42FA_element_677"
}, {
   "element-6066-11e4-a52e-4f735466cecf": "DBBFC9A188629360C9D5EB90891C42FA_element_678"
}, {
   "element-6066-11e4-a52e-4f735466cecf": "DBBFC9A188629360C9D5EB90891C42FA_element_679"
}, {
   "element-6066-11e4-a52e-4f735466cecf": "DBBFC9A188629360C9D5EB90891C42FA_element_680"
}, {
   "element-6066-11e4-a52e-4f735466cecf": "DBBFC9A188629360C9D5EB90891C42FA_element_681"
}, {
   "element-6066-11e4-a52e-4f735466cecf": "DBBFC9A188629360C9D5EB90891C42FA_element_682"
}, {
   "element-6066-11e4-a52e-4f735466cecf": "DBBFC9A188629360C9D5EB90891C42FA_element_683"
} ]
[1708971860.104][INFO]: [9485671eeb33e9f1054e17bf906270df] COMMAND GetElementText {
   "id": "DBBFC9A188629360C9D5EB90891C42FA_element_676"
}
[1708971860.104][INFO]: Waiting for pending navigations...
[1708971860.105][INFO]: Done waiting for pending navigations. Status: ok
[1708971860.115][INFO]: Waiting for pending navigations...
[1708971860.116][INFO]: Done waiting for pending navigations. Status: ok
[1708971860.116][INFO]: [9485671eeb33e9f1054e17bf906270df] RESPONSE GetElementText "Mumbai, Maharashtra"
[1708971860.118][INFO]: [9485671eeb33e9f1054e17bf906270df] COMMAND GetElementText {
   "id": "DBBFC9A188629360C9D5EB90891C42FA_element_677"
}
[1708971860.119][INFO]: Waiting for pending navigations...
[1708971860.119][INFO]: Done waiting for pending navigations. Status: ok
[1708971860.129][INFO]: Waiting for pending navigations...
[1708971860.130][INFO]: Done waiting for pending navigations. Status: ok
[1708971860.130][INFO]: [9485671eeb33e9f1054e17bf906270df] RESPONSE GetElementText "Delhi, Delhi"
[1708971860.134][INFO]: [9485671eeb33e9f1054e17bf906270df] COMMAND ClickElement {
   "id": "DBBFC9A188629360C9D5EB90891C42FA_element_677"
}
[1708971860.134][INFO]: Waiting for pending navigations...
[1708971860.135][INFO]: Done waiting for pending navigations. Status: ok
[1708971860.270][INFO]: Waiting for pending navigations...
[1708971860.282][INFO]: Done waiting for pending navigations. Status: ok
[1708971860.282][INFO]: [9485671eeb33e9f1054e17bf906270df] RESPONSE ClickElement
[1708971860.297][INFO]: [9485671eeb33e9f1054e17bf906270df] COMMAND FindElement {
   "using": "css selector",
   "value": "#travelDate"
}
[1708971860.297][INFO]: Waiting for pending navigations...
[1708971860.300][INFO]: Done waiting for pending navigations. Status: ok
[1708971860.308][INFO]: Waiting for pending navigations...
[1708971860.309][INFO]: Done waiting for pending navigations. Status: ok
[1708971860.309][INFO]: [9485671eeb33e9f1054e17bf906270df] RESPONSE FindElement {
   "element-6066-11e4-a52e-4f735466cecf": "DBBFC9A188629360C9D5EB90891C42FA_element_656"
}
[1708971860.317][INFO]: [9485671eeb33e9f1054e17bf906270df] COMMAND ExecuteScript {
   "args": [ {
      "element-6066-11e4-a52e-4f735466cecf": "DBBFC9A188629360C9D5EB90891C42FA_element_656"
   } ],
   "script": "arguments[0].click();"
}
[1708971860.317][INFO]: Waiting for pending navigations...
[1708971860.318][INFO]: Done waiting for pending navigations. Status: ok
[1708971860.358][INFO]: Waiting for pending navigations...
[1708971860.363][INFO]: Done waiting for pending navigations. Status: ok
[1708971860.364][INFO]: [9485671eeb33e9f1054e17bf906270df] RESPONSE ExecuteScript null
[1708971860.369][INFO]: [9485671eeb33e9f1054e17bf906270df] COMMAND FindElement {
   "using": "xpath",
   "value": "//div[@class='DayPicker-Months']//div[2]//div[contains(text(),'29')]"
}
[1708971860.369][INFO]: Waiting for pending navigations...
[1708971860.370][INFO]: Done waiting for pending navigations. Status: ok
[1708971860.381][INFO]: Waiting for pending navigations...
[1708971860.383][INFO]: Done waiting for pending navigations. Status: ok
[1708971860.383][INFO]: [9485671eeb33e9f1054e17bf906270df] RESPONSE FindElement {
   "element-6066-11e4-a52e-4f735466cecf": "DBBFC9A188629360C9D5EB90891C42FA_element_689"
}
[1708971860.387][INFO]: [9485671eeb33e9f1054e17bf906270df] COMMAND ClickElement {
   "id": "DBBFC9A188629360C9D5EB90891C42FA_element_689"
}
[1708971860.387][INFO]: Waiting for pending navigations...
[1708971860.387][INFO]: Done waiting for pending navigations. Status: ok
[1708971860.493][INFO]: Waiting for pending navigations...
[1708971860.503][INFO]: Done waiting for pending navigations. Status: ok
[1708971860.503][INFO]: [9485671eeb33e9f1054e17bf906270df] RESPONSE ClickElement
[1708971860.509][INFO]: [9485671eeb33e9f1054e17bf906270df] COMMAND FindElement {
   "using": "css selector",
   "value": "#search_button"
}
[1708971860.509][INFO]: Waiting for pending navigations...
[1708971860.509][INFO]: Done waiting for pending navigations. Status: ok
[1708971860.538][INFO]: Waiting for pending navigations...
[1708971860.539][INFO]: Done waiting for pending navigations. Status: ok
[1708971860.539][INFO]: [9485671eeb33e9f1054e17bf906270df] RESPONSE FindElement {
   "element-6066-11e4-a52e-4f735466cecf": "DBBFC9A188629360C9D5EB90891C42FA_element_691"
}
[1708971860.542][INFO]: [9485671eeb33e9f1054e17bf906270df] COMMAND ClickElement {
   "id": "DBBFC9A188629360C9D5EB90891C42FA_element_691"
}
[1708971860.542][INFO]: Waiting for pending navigations...
[1708971860.547][INFO]: Done waiting for pending navigations. Status: ok
[1708971860.824][INFO]: Waiting for pending navigations...
[1708971863.190][INFO]: Done waiting for pending navigations. Status: ok
[1708971863.190][INFO]: [9485671eeb33e9f1054e17bf906270df] RESPONSE ClickElement
[1708971868.207][INFO]: [9485671eeb33e9f1054e17bf906270df] COMMAND FindElement {
   "using": "xpath",
   "value": "//span[@class='error-title']"
}
[1708971868.207][INFO]: Waiting for pending navigations...
[1708971868.208][INFO]: Done waiting for pending navigations. Status: ok
[1708971868.227][INFO]: Waiting for pending navigations...
[1708971868.228][INFO]: Done waiting for pending navigations. Status: ok
[1708971868.228][INFO]: [9485671eeb33e9f1054e17bf906270df] RESPONSE FindElement {
   "element-6066-11e4-a52e-4f735466cecf": "83539E1BE485950083044F8363638763_element_734"
}
[1708971868.233][INFO]: [9485671eeb33e9f1054e17bf906270df] COMMAND GetElementText {
   "id": "83539E1BE485950083044F8363638763_element_734"
}
[1708971868.233][INFO]: Waiting for pending navigations...
[1708971868.234][INFO]: Done waiting for pending navigations. Status: ok
[1708971868.247][INFO]: Waiting for pending navigations...
[1708971868.248][INFO]: Done waiting for pending navigations. Status: ok
[1708971868.248][INFO]: [9485671eeb33e9f1054e17bf906270df] RESPONSE GetElementText "No buses found for 29 Mar"
[1708971868.271][INFO]: [9485671eeb33e9f1054e17bf906270df] COMMAND CloseWindow {
}
[1708971868.572][SEVERE]: Unable to receive message from renderer
[1708971872.183][INFO]: [9485671eeb33e9f1054e17bf906270df] RESPONSE CloseWindow [  ]
